myHadoop: Setting MH_IPOIB_TRANSFORM='s/\([^.]*\).*$/\1.ibnet/' from myhadoop.conf
myHadoop: Setting MH_SCRATCH_DIR=/scratch/$USER/$SLURM_JOBID from myhadoop.conf
myHadoop: Using HADOOP_HOME=/opt/hadoop/2.6.0
myHadoop: Using MH_SCRATCH_DIR=/scratch/rxc4370/36557550
myHadoop: Using JAVA_HOME=/lib/jvm/java
myHadoop: Generating Hadoop configuration in directory in /home/rxc4370/cometcluster...
myHadoop: Backing up old config dir to /home/rxc4370/cometcluster.5...
'/home/rxc4370/cometcluster' -> '/home/rxc4370/cometcluster.5'
myHadoop: Designating comet-14-01.ibnet as master node (namenode, secondary namenode, and jobtracker)
myHadoop: The following nodes will be slaves (datanode, tasktracer):
comet-14-01.ibnet
comet-14-02.ibnet
20/10/20 21:45:03 INFO namenode.NameNode: STARTUP_MSG: 
/************************************************************
STARTUP_MSG: Starting NameNode
STARTUP_MSG:   host = comet-14-01.sdsc.edu/198.202.112.231
STARTUP_MSG:   args = [-format]
STARTUP_MSG:   version = 2.6.0
STARTUP_MSG:   classpath = /home/rxc4370/cometcluster:/opt/hadoop/2.6.0/share/hadoop/common/lib/jersey-core-1.9.jar:/opt/hadoop/2.6.0/share/hadoop/common/lib/api-util-1.0.0-M20.jar:/opt/hadoop/2.6.0/share/hadoop/common/lib/jetty-6.1.26.jar:/opt/hadoop/2.6.0/share/hadoop/common/lib/junit-4.11.jar:/opt/hadoop/2.6.0/share/hadoop/common/lib/slf4j-api-1.7.5.jar:/opt/hadoop/2.6.0/share/hadoop/common/lib/netty-3.6.2.Final.jar:/opt/hadoop/2.6.0/share/hadoop/common/lib/activation-1.1.jar:/opt/hadoop/2.6.0/share/hadoop/common/lib/jettison-1.1.jar:/opt/hadoop/2.6.0/share/hadoop/common/lib/guava-11.0.2.jar:/opt/hadoop/2.6.0/share/hadoop/common/lib/curator-framework-2.6.0.jar:/opt/hadoop/2.6.0/share/hadoop/common/lib/jersey-server-1.9.jar:/opt/hadoop/2.6.0/share/hadoop/common/lib/commons-compress-1.4.1.jar:/opt/hadoop/2.6.0/share/hadoop/common/lib/jsch-0.1.42.jar:/opt/hadoop/2.6.0/share/hadoop/common/lib/jaxb-impl-2.2.3-1.jar:/opt/hadoop/2.6.0/share/hadoop/common/lib/htrace-core-3.0.4.jar:/opt/hadoop/2.6.0/share/hadoop/common/lib/apacheds-i18n-2.0.0-M15.jar:/opt/hadoop/2.6.0/share/hadoop/common/lib/jasper-compiler-5.5.23.jar:/opt/hadoop/2.6.0/share/hadoop/common/lib/commons-codec-1.4.jar:/opt/hadoop/2.6.0/share/hadoop/common/lib/commons-lang-2.6.jar:/opt/hadoop/2.6.0/share/hadoop/common/lib/xz-1.0.jar:/opt/hadoop/2.6.0/share/hadoop/common/lib/httpclient-4.2.5.jar:/opt/hadoop/2.6.0/share/hadoop/common/lib/asm-3.2.jar:/opt/hadoop/2.6.0/share/hadoop/common/lib/hamcrest-core-1.3.jar:/opt/hadoop/2.6.0/share/hadoop/common/lib/jets3t-0.9.0.jar:/opt/hadoop/2.6.0/share/hadoop/common/lib/curator-recipes-2.6.0.jar:/opt/hadoop/2.6.0/share/hadoop/common/lib/jackson-mapper-asl-1.9.13.jar:/opt/hadoop/2.6.0/share/hadoop/common/lib/jsr305-1.3.9.jar:/opt/hadoop/2.6.0/share/hadoop/common/lib/jaxb-api-2.2.2.jar:/opt/hadoop/2.6.0/share/hadoop/common/lib/jackson-jaxrs-1.9.13.jar:/opt/hadoop/2.6.0/share/hadoop/common/lib/hadoop-annotations-2.6.0.jar:/opt/hadoop/2.6.0/share/hadoop/common/lib/commons-cli-1.2.jar:/opt/hadoop/2.6.0/share/hadoop/common/lib/curator-client-2.6.0.jar:/opt/hadoop/2.6.0/share/hadoop/common/lib/hadoop-auth-2.6.0.jar:/opt/hadoop/2.6.0/share/hadoop/common/lib/commons-digester-1.8.jar:/opt/hadoop/2.6.0/share/hadoop/common/lib/commons-el-1.0.jar:/opt/hadoop/2.6.0/share/hadoop/common/lib/protobuf-java-2.5.0.jar:/opt/hadoop/2.6.0/share/hadoop/common/lib/commons-httpclient-3.1.jar:/opt/hadoop/2.6.0/share/hadoop/common/lib/commons-logging-1.1.3.jar:/opt/hadoop/2.6.0/share/hadoop/common/lib/jackson-core-asl-1.9.13.jar:/opt/hadoop/2.6.0/share/hadoop/common/lib/jetty-util-6.1.26.jar:/opt/hadoop/2.6.0/share/hadoop/common/lib/commons-collections-3.2.1.jar:/opt/hadoop/2.6.0/share/hadoop/common/lib/avro-1.7.4.jar:/opt/hadoop/2.6.0/share/hadoop/common/lib/httpcore-4.2.5.jar:/opt/hadoop/2.6.0/share/hadoop/common/lib/xmlenc-0.52.jar:/opt/hadoop/2.6.0/share/hadoop/common/lib/commons-configuration-1.6.jar:/opt/hadoop/2.6.0/share/hadoop/common/lib/paranamer-2.3.jar:/opt/hadoop/2.6.0/share/hadoop/common/lib/slf4j-log4j12-1.7.5.jar:/opt/hadoop/2.6.0/share/hadoop/common/lib/mockito-all-1.8.5.jar:/opt/hadoop/2.6.0/share/hadoop/common/lib/commons-beanutils-1.7.0.jar:/opt/hadoop/2.6.0/share/hadoop/common/lib/log4j-1.2.17.jar:/opt/hadoop/2.6.0/share/hadoop/common/lib/commons-io-2.4.jar:/opt/hadoop/2.6.0/share/hadoop/common/lib/jersey-json-1.9.jar:/opt/hadoop/2.6.0/share/hadoop/common/lib/commons-net-3.1.jar:/opt/hadoop/2.6.0/share/hadoop/common/lib/java-xmlbuilder-0.4.jar:/opt/hadoop/2.6.0/share/hadoop/common/lib/zookeeper-3.4.6.jar:/opt/hadoop/2.6.0/share/hadoop/common/lib/jackson-xc-1.9.13.jar:/opt/hadoop/2.6.0/share/hadoop/common/lib/servlet-api-2.5.jar:/opt/hadoop/2.6.0/share/hadoop/common/lib/api-asn1-api-1.0.0-M20.jar:/opt/hadoop/2.6.0/share/hadoop/common/lib/jsp-api-2.1.jar:/opt/hadoop/2.6.0/share/hadoop/common/lib/snappy-java-1.0.4.1.jar:/opt/hadoop/2.6.0/share/hadoop/common/lib/gson-2.2.4.jar:/opt/hadoop/2.6.0/share/hadoop/common/lib/stax-api-1.0-2.jar:/opt/hadoop/2.6.0/share/hadoop/common/lib/jasper-runtime-5.5.23.jar:/opt/hadoop/2.6.0/share/hadoop/common/lib/commons-beanutils-core-1.8.0.jar:/opt/hadoop/2.6.0/share/hadoop/common/lib/commons-math3-3.1.1.jar:/opt/hadoop/2.6.0/share/hadoop/common/lib/apacheds-kerberos-codec-2.0.0-M15.jar:/opt/hadoop/2.6.0/share/hadoop/common/hadoop-nfs-2.6.0.jar:/opt/hadoop/2.6.0/share/hadoop/common/hadoop-common-2.6.0.jar:/opt/hadoop/2.6.0/share/hadoop/common/hadoop-common-2.6.0-tests.jar:/opt/hadoop/2.6.0/share/hadoop/hdfs:/opt/hadoop/2.6.0/share/hadoop/hdfs/lib/jersey-core-1.9.jar:/opt/hadoop/2.6.0/share/hadoop/hdfs/lib/jetty-6.1.26.jar:/opt/hadoop/2.6.0/share/hadoop/hdfs/lib/netty-3.6.2.Final.jar:/opt/hadoop/2.6.0/share/hadoop/hdfs/lib/guava-11.0.2.jar:/opt/hadoop/2.6.0/share/hadoop/hdfs/lib/jersey-server-1.9.jar:/opt/hadoop/2.6.0/share/hadoop/hdfs/lib/xml-apis-1.3.04.jar:/opt/hadoop/2.6.0/share/hadoop/hdfs/lib/htrace-core-3.0.4.jar:/opt/hadoop/2.6.0/share/hadoop/hdfs/lib/commons-codec-1.4.jar:/opt/hadoop/2.6.0/share/hadoop/hdfs/lib/commons-daemon-1.0.13.jar:/opt/hadoop/2.6.0/share/hadoop/hdfs/lib/commons-lang-2.6.jar:/opt/hadoop/2.6.0/share/hadoop/hdfs/lib/asm-3.2.jar:/opt/hadoop/2.6.0/share/hadoop/hdfs/lib/jackson-mapper-asl-1.9.13.jar:/opt/hadoop/2.6.0/share/hadoop/hdfs/lib/jsr305-1.3.9.jar:/opt/hadoop/2.6.0/share/hadoop/hdfs/lib/commons-cli-1.2.jar:/opt/hadoop/2.6.0/share/hadoop/hdfs/lib/commons-el-1.0.jar:/opt/hadoop/2.6.0/share/hadoop/hdfs/lib/protobuf-java-2.5.0.jar:/opt/hadoop/2.6.0/share/hadoop/hdfs/lib/commons-logging-1.1.3.jar:/opt/hadoop/2.6.0/share/hadoop/hdfs/lib/jackson-core-asl-1.9.13.jar:/opt/hadoop/2.6.0/share/hadoop/hdfs/lib/jetty-util-6.1.26.jar:/opt/hadoop/2.6.0/share/hadoop/hdfs/lib/xmlenc-0.52.jar:/opt/hadoop/2.6.0/share/hadoop/hdfs/lib/log4j-1.2.17.jar:/opt/hadoop/2.6.0/share/hadoop/hdfs/lib/commons-io-2.4.jar:/opt/hadoop/2.6.0/share/hadoop/hdfs/lib/servlet-api-2.5.jar:/opt/hadoop/2.6.0/share/hadoop/hdfs/lib/xercesImpl-2.9.1.jar:/opt/hadoop/2.6.0/share/hadoop/hdfs/lib/jsp-api-2.1.jar:/opt/hadoop/2.6.0/share/hadoop/hdfs/lib/jasper-runtime-5.5.23.jar:/opt/hadoop/2.6.0/share/hadoop/hdfs/hadoop-hdfs-nfs-2.6.0.jar:/opt/hadoop/2.6.0/share/hadoop/hdfs/hadoop-hdfs-2.6.0.jar:/opt/hadoop/2.6.0/share/hadoop/hdfs/hadoop-hdfs-2.6.0-tests.jar:/opt/hadoop/2.6.0/share/hadoop/yarn/lib/jersey-core-1.9.jar:/opt/hadoop/2.6.0/share/hadoop/yarn/lib/guice-servlet-3.0.jar:/opt/hadoop/2.6.0/share/hadoop/yarn/lib/jetty-6.1.26.jar:/opt/hadoop/2.6.0/share/hadoop/yarn/lib/netty-3.6.2.Final.jar:/opt/hadoop/2.6.0/share/hadoop/yarn/lib/activation-1.1.jar:/opt/hadoop/2.6.0/share/hadoop/yarn/lib/jettison-1.1.jar:/opt/hadoop/2.6.0/share/hadoop/yarn/lib/guava-11.0.2.jar:/opt/hadoop/2.6.0/share/hadoop/yarn/lib/jersey-server-1.9.jar:/opt/hadoop/2.6.0/share/hadoop/yarn/lib/commons-compress-1.4.1.jar:/opt/hadoop/2.6.0/share/hadoop/yarn/lib/jaxb-impl-2.2.3-1.jar:/opt/hadoop/2.6.0/share/hadoop/yarn/lib/commons-codec-1.4.jar:/opt/hadoop/2.6.0/share/hadoop/yarn/lib/commons-lang-2.6.jar:/opt/hadoop/2.6.0/share/hadoop/yarn/lib/xz-1.0.jar:/opt/hadoop/2.6.0/share/hadoop/yarn/lib/asm-3.2.jar:/opt/hadoop/2.6.0/share/hadoop/yarn/lib/jersey-client-1.9.jar:/opt/hadoop/2.6.0/share/hadoop/yarn/lib/aopalliance-1.0.jar:/opt/hadoop/2.6.0/share/hadoop/yarn/lib/jackson-mapper-asl-1.9.13.jar:/opt/hadoop/2.6.0/share/hadoop/yarn/lib/jsr305-1.3.9.jar:/opt/hadoop/2.6.0/share/hadoop/yarn/lib/jersey-guice-1.9.jar:/opt/hadoop/2.6.0/share/hadoop/yarn/lib/jaxb-api-2.2.2.jar:/opt/hadoop/2.6.0/share/hadoop/yarn/lib/jackson-jaxrs-1.9.13.jar:/opt/hadoop/2.6.0/share/hadoop/yarn/lib/commons-cli-1.2.jar:/opt/hadoop/2.6.0/share/hadoop/yarn/lib/leveldbjni-all-1.8.jar:/opt/hadoop/2.6.0/share/hadoop/yarn/lib/protobuf-java-2.5.0.jar:/opt/hadoop/2.6.0/share/hadoop/yarn/lib/commons-httpclient-3.1.jar:/opt/hadoop/2.6.0/share/hadoop/yarn/lib/commons-logging-1.1.3.jar:/opt/hadoop/2.6.0/share/hadoop/yarn/lib/jackson-core-asl-1.9.13.jar:/opt/hadoop/2.6.0/share/hadoop/yarn/lib/jetty-util-6.1.26.jar:/opt/hadoop/2.6.0/share/hadoop/yarn/lib/commons-collections-3.2.1.jar:/opt/hadoop/2.6.0/share/hadoop/yarn/lib/javax.inject-1.jar:/opt/hadoop/2.6.0/share/hadoop/yarn/lib/guice-3.0.jar:/opt/hadoop/2.6.0/share/hadoop/yarn/lib/log4j-1.2.17.jar:/opt/hadoop/2.6.0/share/hadoop/yarn/lib/commons-io-2.4.jar:/opt/hadoop/2.6.0/share/hadoop/yarn/lib/jersey-json-1.9.jar:/opt/hadoop/2.6.0/share/hadoop/yarn/lib/zookeeper-3.4.6.jar:/opt/hadoop/2.6.0/share/hadoop/yarn/lib/jackson-xc-1.9.13.jar:/opt/hadoop/2.6.0/share/hadoop/yarn/lib/servlet-api-2.5.jar:/opt/hadoop/2.6.0/share/hadoop/yarn/lib/stax-api-1.0-2.jar:/opt/hadoop/2.6.0/share/hadoop/yarn/lib/jline-0.9.94.jar:/opt/hadoop/2.6.0/share/hadoop/yarn/hadoop-yarn-server-applicationhistoryservice-2.6.0.jar:/opt/hadoop/2.6.0/share/hadoop/yarn/hadoop-yarn-registry-2.6.0.jar:/opt/hadoop/2.6.0/share/hadoop/yarn/hadoop-yarn-api-2.6.0.jar:/opt/hadoop/2.6.0/share/hadoop/yarn/hadoop-yarn-server-resourcemanager-2.6.0.jar:/opt/hadoop/2.6.0/share/hadoop/yarn/hadoop-yarn-common-2.6.0.jar:/opt/hadoop/2.6.0/share/hadoop/yarn/hadoop-yarn-client-2.6.0.jar:/opt/hadoop/2.6.0/share/hadoop/yarn/hadoop-yarn-server-web-proxy-2.6.0.jar:/opt/hadoop/2.6.0/share/hadoop/yarn/hadoop-yarn-applications-unmanaged-am-launcher-2.6.0.jar:/opt/hadoop/2.6.0/share/hadoop/yarn/hadoop-yarn-applications-distributedshell-2.6.0.jar:/opt/hadoop/2.6.0/share/hadoop/yarn/hadoop-yarn-server-nodemanager-2.6.0.jar:/opt/hadoop/2.6.0/share/hadoop/yarn/hadoop-yarn-server-tests-2.6.0.jar:/opt/hadoop/2.6.0/share/hadoop/yarn/hadoop-yarn-server-common-2.6.0.jar:/opt/hadoop/2.6.0/share/hadoop/mapreduce/lib/jersey-core-1.9.jar:/opt/hadoop/2.6.0/share/hadoop/mapreduce/lib/guice-servlet-3.0.jar:/opt/hadoop/2.6.0/share/hadoop/mapreduce/lib/junit-4.11.jar:/opt/hadoop/2.6.0/share/hadoop/mapreduce/lib/netty-3.6.2.Final.jar:/opt/hadoop/2.6.0/share/hadoop/mapreduce/lib/jersey-server-1.9.jar:/opt/hadoop/2.6.0/share/hadoop/mapreduce/lib/commons-compress-1.4.1.jar:/opt/hadoop/2.6.0/share/hadoop/mapreduce/lib/xz-1.0.jar:/opt/hadoop/2.6.0/share/hadoop/mapreduce/lib/asm-3.2.jar:/opt/hadoop/2.6.0/share/hadoop/mapreduce/lib/hamcrest-core-1.3.jar:/opt/hadoop/2.6.0/share/hadoop/mapreduce/lib/aopalliance-1.0.jar:/opt/hadoop/2.6.0/share/hadoop/mapreduce/lib/jackson-mapper-asl-1.9.13.jar:/opt/hadoop/2.6.0/share/hadoop/mapreduce/lib/jersey-guice-1.9.jar:/opt/hadoop/2.6.0/share/hadoop/mapreduce/lib/hadoop-annotations-2.6.0.jar:/opt/hadoop/2.6.0/share/hadoop/mapreduce/lib/leveldbjni-all-1.8.jar:/opt/hadoop/2.6.0/share/hadoop/mapreduce/lib/protobuf-java-2.5.0.jar:/opt/hadoop/2.6.0/share/hadoop/mapreduce/lib/jackson-core-asl-1.9.13.jar:/opt/hadoop/2.6.0/share/hadoop/mapreduce/lib/avro-1.7.4.jar:/opt/hadoop/2.6.0/share/hadoop/mapreduce/lib/paranamer-2.3.jar:/opt/hadoop/2.6.0/share/hadoop/mapreduce/lib/javax.inject-1.jar:/opt/hadoop/2.6.0/share/hadoop/mapreduce/lib/guice-3.0.jar:/opt/hadoop/2.6.0/share/hadoop/mapreduce/lib/log4j-1.2.17.jar:/opt/hadoop/2.6.0/share/hadoop/mapreduce/lib/commons-io-2.4.jar:/opt/hadoop/2.6.0/share/hadoop/mapreduce/lib/snappy-java-1.0.4.1.jar:/opt/hadoop/2.6.0/share/hadoop/mapreduce/hadoop-mapreduce-examples-2.6.0.jar:/opt/hadoop/2.6.0/share/hadoop/mapreduce/hadoop-mapreduce-client-shuffle-2.6.0.jar:/opt/hadoop/2.6.0/share/hadoop/mapreduce/hadoop-mapreduce-client-core-2.6.0.jar:/opt/hadoop/2.6.0/share/hadoop/mapreduce/hadoop-mapreduce-client-app-2.6.0.jar:/opt/hadoop/2.6.0/share/hadoop/mapreduce/hadoop-mapreduce-client-hs-plugins-2.6.0.jar:/opt/hadoop/2.6.0/share/hadoop/mapreduce/hadoop-mapreduce-client-jobclient-2.6.0.jar:/opt/hadoop/2.6.0/share/hadoop/mapreduce/hadoop-mapreduce-client-common-2.6.0.jar:/opt/hadoop/2.6.0/share/hadoop/mapreduce/hadoop-mapreduce-client-hs-2.6.0.jar:/opt/hadoop/2.6.0/share/hadoop/mapreduce/hadoop-mapreduce-client-jobclient-2.6.0-tests.jar:/opt/hadoop/2.6.0/contrib/capacity-scheduler/*.jar
STARTUP_MSG:   build = https://git-wip-us.apache.org/repos/asf/hadoop.git -r e3496499ecb8d220fba99dc5ed4c99c8f9e33bb1; compiled by 'jenkins' on 2014-11-13T21:10Z
STARTUP_MSG:   java = 1.8.0_212
************************************************************/
20/10/20 21:45:03 INFO namenode.NameNode: registered UNIX signal handlers for [TERM, HUP, INT]
20/10/20 21:45:03 INFO namenode.NameNode: createNameNode [-format]
20/10/20 21:45:03 WARN common.Util: Path /scratch/rxc4370/36557550/namenode_data should be specified as a URI in configuration files. Please update hdfs configuration.
20/10/20 21:45:03 WARN common.Util: Path /scratch/rxc4370/36557550/namenode_data should be specified as a URI in configuration files. Please update hdfs configuration.
Formatting using clusterid: CID-edf84980-f209-4470-b465-1708a46e3c16
20/10/20 21:45:03 INFO namenode.FSNamesystem: No KeyProvider found.
20/10/20 21:45:03 INFO namenode.FSNamesystem: fsLock is fair:true
20/10/20 21:45:03 INFO blockmanagement.DatanodeManager: dfs.block.invalidate.limit=1000
20/10/20 21:45:03 INFO blockmanagement.DatanodeManager: dfs.namenode.datanode.registration.ip-hostname-check=true
20/10/20 21:45:03 INFO blockmanagement.BlockManager: dfs.namenode.startup.delay.block.deletion.sec is set to 000:00:00:00.000
20/10/20 21:45:03 INFO blockmanagement.BlockManager: The block deletion will start around 2020 Oct 20 21:45:03
20/10/20 21:45:03 INFO util.GSet: Computing capacity for map BlocksMap
20/10/20 21:45:03 INFO util.GSet: VM type       = 64-bit
20/10/20 21:45:03 INFO util.GSet: 2.0% max memory 966.7 MB = 19.3 MB
20/10/20 21:45:03 INFO util.GSet: capacity      = 2^21 = 2097152 entries
20/10/20 21:45:03 INFO blockmanagement.BlockManager: dfs.block.access.token.enable=false
20/10/20 21:45:03 INFO blockmanagement.BlockManager: defaultReplication         = 3
20/10/20 21:45:03 INFO blockmanagement.BlockManager: maxReplication             = 512
20/10/20 21:45:03 INFO blockmanagement.BlockManager: minReplication             = 1
20/10/20 21:45:03 INFO blockmanagement.BlockManager: maxReplicationStreams      = 2
20/10/20 21:45:03 INFO blockmanagement.BlockManager: shouldCheckForEnoughRacks  = false
20/10/20 21:45:03 INFO blockmanagement.BlockManager: replicationRecheckInterval = 3000
20/10/20 21:45:03 INFO blockmanagement.BlockManager: encryptDataTransfer        = false
20/10/20 21:45:03 INFO blockmanagement.BlockManager: maxNumBlocksToLog          = 1000
20/10/20 21:45:03 INFO namenode.FSNamesystem: fsOwner             = rxc4370 (auth:SIMPLE)
20/10/20 21:45:03 INFO namenode.FSNamesystem: supergroup          = supergroup
20/10/20 21:45:03 INFO namenode.FSNamesystem: isPermissionEnabled = true
20/10/20 21:45:03 INFO namenode.FSNamesystem: HA Enabled: false
20/10/20 21:45:03 INFO namenode.FSNamesystem: Append Enabled: true
20/10/20 21:45:04 INFO util.GSet: Computing capacity for map INodeMap
20/10/20 21:45:04 INFO util.GSet: VM type       = 64-bit
20/10/20 21:45:04 INFO util.GSet: 1.0% max memory 966.7 MB = 9.7 MB
20/10/20 21:45:04 INFO util.GSet: capacity      = 2^20 = 1048576 entries
20/10/20 21:45:04 INFO namenode.NameNode: Caching file names occuring more than 10 times
20/10/20 21:45:04 INFO util.GSet: Computing capacity for map cachedBlocks
20/10/20 21:45:04 INFO util.GSet: VM type       = 64-bit
20/10/20 21:45:04 INFO util.GSet: 0.25% max memory 966.7 MB = 2.4 MB
20/10/20 21:45:04 INFO util.GSet: capacity      = 2^18 = 262144 entries
20/10/20 21:45:04 INFO namenode.FSNamesystem: dfs.namenode.safemode.threshold-pct = 0.9990000128746033
20/10/20 21:45:04 INFO namenode.FSNamesystem: dfs.namenode.safemode.min.datanodes = 0
20/10/20 21:45:04 INFO namenode.FSNamesystem: dfs.namenode.safemode.extension     = 30000
20/10/20 21:45:04 INFO namenode.FSNamesystem: Retry cache on namenode is enabled
20/10/20 21:45:04 INFO namenode.FSNamesystem: Retry cache will use 0.03 of total heap and retry cache entry expiry time is 600000 millis
20/10/20 21:45:04 INFO util.GSet: Computing capacity for map NameNodeRetryCache
20/10/20 21:45:04 INFO util.GSet: VM type       = 64-bit
20/10/20 21:45:04 INFO util.GSet: 0.029999999329447746% max memory 966.7 MB = 297.0 KB
20/10/20 21:45:04 INFO util.GSet: capacity      = 2^15 = 32768 entries
20/10/20 21:45:04 INFO namenode.NNConf: ACLs enabled? false
20/10/20 21:45:04 INFO namenode.NNConf: XAttrs enabled? true
20/10/20 21:45:04 INFO namenode.NNConf: Maximum size of an xattr: 16384
20/10/20 21:45:04 INFO namenode.FSImage: Allocated new BlockPoolId: BP-2074174466-198.202.112.231-1603255504140
20/10/20 21:45:04 INFO common.Storage: Storage directory /scratch/rxc4370/36557550/namenode_data has been successfully formatted.
20/10/20 21:45:04 INFO namenode.NNStorageRetentionManager: Going to retain 1 images with txid >= 0
20/10/20 21:45:04 INFO util.ExitUtil: Exiting with status 0
20/10/20 21:45:04 INFO namenode.NameNode: SHUTDOWN_MSG: 
/************************************************************
SHUTDOWN_MSG: Shutting down NameNode at comet-14-01.sdsc.edu/198.202.112.231
************************************************************/
Starting namenodes on [comet-14-01.ibnet]
comet-14-01.ibnet: starting namenode, logging to /scratch/rxc4370/36557550/logs/hadoop-rxc4370-namenode-comet-14-01.sdsc.edu.out
comet-14-01.ibnet: starting datanode, logging to /scratch/rxc4370/36557550/logs/hadoop-rxc4370-datanode-comet-14-01.sdsc.edu.out
comet-14-02.ibnet: starting datanode, logging to /scratch/rxc4370/36557550/logs/hadoop-rxc4370-datanode-comet-14-02.sdsc.edu.out
Starting secondary namenodes [comet-14-01.ibnet]
comet-14-01.ibnet: starting secondarynamenode, logging to /scratch/rxc4370/36557550/logs/hadoop-rxc4370-secondarynamenode-comet-14-01.sdsc.edu.out
starting yarn daemons
starting resourcemanager, logging to /scratch/rxc4370/36557550/logs/yarn-rxc4370-resourcemanager-comet-14-01.out
comet-14-01.ibnet: starting nodemanager, logging to /scratch/rxc4370/36557550/logs/yarn-rxc4370-nodemanager-comet-14-01.sdsc.edu.out
comet-14-02.ibnet: starting nodemanager, logging to /scratch/rxc4370/36557550/logs/yarn-rxc4370-nodemanager-comet-14-02.sdsc.edu.out
mkdir: Permission denied: user=rxc4370, access=WRITE, inode="/user":gxp6923:supergroup:drwxr-xr-x
put: `/user/rxc4370/large-graph.txt': No such file or directory
20/10/20 21:45:32 INFO client.RMProxy: Connecting to ResourceManager at comet-14-01.ibnet/10.22.252.158:8032
Exception in thread "main" org.apache.hadoop.security.AccessControlException: Permission denied: user=rxc4370, access=EXECUTE, inode="/tmp":gxp6923:supergroup:drwx------
	at org.apache.hadoop.hdfs.server.namenode.FSPermissionChecker.checkFsPermission(FSPermissionChecker.java:271)
	at org.apache.hadoop.hdfs.server.namenode.FSPermissionChecker.check(FSPermissionChecker.java:257)
	at org.apache.hadoop.hdfs.server.namenode.FSPermissionChecker.checkTraverse(FSPermissionChecker.java:208)
	at org.apache.hadoop.hdfs.server.namenode.FSPermissionChecker.checkPermission(FSPermissionChecker.java:171)
	at org.apache.hadoop.hdfs.server.namenode.FSNamesystem.checkPermission(FSNamesystem.java:6512)
	at org.apache.hadoop.hdfs.server.namenode.FSNamesystem.getFileInfo(FSNamesystem.java:4140)
	at org.apache.hadoop.hdfs.server.namenode.NameNodeRpcServer.getFileInfo(NameNodeRpcServer.java:838)
	at org.apache.hadoop.hdfs.protocolPB.ClientNamenodeProtocolServerSideTranslatorPB.getFileInfo(ClientNamenodeProtocolServerSideTranslatorPB.java:821)
	at org.apache.hadoop.hdfs.protocol.proto.ClientNamenodeProtocolProtos$ClientNamenodeProtocol$2.callBlockingMethod(ClientNamenodeProtocolProtos.java)
	at org.apache.hadoop.ipc.ProtobufRpcEngine$Server$ProtoBufRpcInvoker.call(ProtobufRpcEngine.java:619)
	at org.apache.hadoop.ipc.RPC$Server.call(RPC.java:962)
	at org.apache.hadoop.ipc.Server$Handler$1.run(Server.java:2039)
	at org.apache.hadoop.ipc.Server$Handler$1.run(Server.java:2035)
	at java.security.AccessController.doPrivileged(Native Method)
	at javax.security.auth.Subject.doAs(Subject.java:422)
	at org.apache.hadoop.security.UserGroupInformation.doAs(UserGroupInformation.java:1628)
	at org.apache.hadoop.ipc.Server$Handler.run(Server.java:2033)

	at sun.reflect.NativeConstructorAccessorImpl.newInstance0(Native Method)
	at sun.reflect.NativeConstructorAccessorImpl.newInstance(NativeConstructorAccessorImpl.java:62)
	at sun.reflect.DelegatingConstructorAccessorImpl.newInstance(DelegatingConstructorAccessorImpl.java:45)
	at java.lang.reflect.Constructor.newInstance(Constructor.java:423)
	at org.apache.hadoop.ipc.RemoteException.instantiateException(RemoteException.java:106)
	at org.apache.hadoop.ipc.RemoteException.unwrapRemoteException(RemoteException.java:73)
	at org.apache.hadoop.hdfs.DFSClient.getFileInfo(DFSClient.java:1990)
	at org.apache.hadoop.hdfs.DistributedFileSystem$18.doCall(DistributedFileSystem.java:1118)
	at org.apache.hadoop.hdfs.DistributedFileSystem$18.doCall(DistributedFileSystem.java:1114)
	at org.apache.hadoop.fs.FileSystemLinkResolver.resolve(FileSystemLinkResolver.java:81)
	at org.apache.hadoop.hdfs.DistributedFileSystem.getFileStatus(DistributedFileSystem.java:1114)
	at org.apache.hadoop.fs.FileSystem.exists(FileSystem.java:1400)
	at org.apache.hadoop.mapreduce.JobSubmissionFiles.getStagingDir(JobSubmissionFiles.java:116)
	at org.apache.hadoop.mapreduce.JobSubmitter.submitJobInternal(JobSubmitter.java:437)
	at org.apache.hadoop.mapreduce.Job$10.run(Job.java:1296)
	at org.apache.hadoop.mapreduce.Job$10.run(Job.java:1293)
	at java.security.AccessController.doPrivileged(Native Method)
	at javax.security.auth.Subject.doAs(Subject.java:422)
	at org.apache.hadoop.security.UserGroupInformation.doAs(UserGroupInformation.java:1628)
	at org.apache.hadoop.mapreduce.Job.submit(Job.java:1293)
	at org.apache.hadoop.mapreduce.Job.waitForCompletion(Job.java:1314)
	at GraphPartition.main(GraphPartition.java:169)
	at sun.reflect.NativeMethodAccessorImpl.invoke0(Native Method)
	at sun.reflect.NativeMethodAccessorImpl.invoke(NativeMethodAccessorImpl.java:62)
	at sun.reflect.DelegatingMethodAccessorImpl.invoke(DelegatingMethodAccessorImpl.java:43)
	at java.lang.reflect.Method.invoke(Method.java:498)
	at org.apache.hadoop.util.RunJar.run(RunJar.java:221)
	at org.apache.hadoop.util.RunJar.main(RunJar.java:136)
Caused by: org.apache.hadoop.ipc.RemoteException(org.apache.hadoop.security.AccessControlException): Permission denied: user=rxc4370, access=EXECUTE, inode="/tmp":gxp6923:supergroup:drwx------
	at org.apache.hadoop.hdfs.server.namenode.FSPermissionChecker.checkFsPermission(FSPermissionChecker.java:271)
	at org.apache.hadoop.hdfs.server.namenode.FSPermissionChecker.check(FSPermissionChecker.java:257)
	at org.apache.hadoop.hdfs.server.namenode.FSPermissionChecker.checkTraverse(FSPermissionChecker.java:208)
	at org.apache.hadoop.hdfs.server.namenode.FSPermissionChecker.checkPermission(FSPermissionChecker.java:171)
	at org.apache.hadoop.hdfs.server.namenode.FSNamesystem.checkPermission(FSNamesystem.java:6512)
	at org.apache.hadoop.hdfs.server.namenode.FSNamesystem.getFileInfo(FSNamesystem.java:4140)
	at org.apache.hadoop.hdfs.server.namenode.NameNodeRpcServer.getFileInfo(NameNodeRpcServer.java:838)
	at org.apache.hadoop.hdfs.protocolPB.ClientNamenodeProtocolServerSideTranslatorPB.getFileInfo(ClientNamenodeProtocolServerSideTranslatorPB.java:821)
	at org.apache.hadoop.hdfs.protocol.proto.ClientNamenodeProtocolProtos$ClientNamenodeProtocol$2.callBlockingMethod(ClientNamenodeProtocolProtos.java)
	at org.apache.hadoop.ipc.ProtobufRpcEngine$Server$ProtoBufRpcInvoker.call(ProtobufRpcEngine.java:619)
	at org.apache.hadoop.ipc.RPC$Server.call(RPC.java:962)
	at org.apache.hadoop.ipc.Server$Handler$1.run(Server.java:2039)
	at org.apache.hadoop.ipc.Server$Handler$1.run(Server.java:2035)
	at java.security.AccessController.doPrivileged(Native Method)
	at javax.security.auth.Subject.doAs(Subject.java:422)
	at org.apache.hadoop.security.UserGroupInformation.doAs(UserGroupInformation.java:1628)
	at org.apache.hadoop.ipc.Server$Handler.run(Server.java:2033)

	at org.apache.hadoop.ipc.Client.call(Client.java:1468)
	at org.apache.hadoop.ipc.Client.call(Client.java:1399)
	at org.apache.hadoop.ipc.ProtobufRpcEngine$Invoker.invoke(ProtobufRpcEngine.java:232)
	at com.sun.proxy.$Proxy9.getFileInfo(Unknown Source)
	at org.apache.hadoop.hdfs.protocolPB.ClientNamenodeProtocolTranslatorPB.getFileInfo(ClientNamenodeProtocolTranslatorPB.java:752)
	at sun.reflect.NativeMethodAccessorImpl.invoke0(Native Method)
	at sun.reflect.NativeMethodAccessorImpl.invoke(NativeMethodAccessorImpl.java:62)
	at sun.reflect.DelegatingMethodAccessorImpl.invoke(DelegatingMethodAccessorImpl.java:43)
	at java.lang.reflect.Method.invoke(Method.java:498)
	at org.apache.hadoop.io.retry.RetryInvocationHandler.invokeMethod(RetryInvocationHandler.java:187)
	at org.apache.hadoop.io.retry.RetryInvocationHandler.invoke(RetryInvocationHandler.java:102)
	at com.sun.proxy.$Proxy10.getFileInfo(Unknown Source)
	at org.apache.hadoop.hdfs.DFSClient.getFileInfo(DFSClient.java:1988)
	... 21 more
get: `/user/rxc4370/output/part*': No such file or directory
stopping yarn daemons
no resourcemanager to stop
comet-14-01.ibnet: no nodemanager to stop
comet-14-02.ibnet: no nodemanager to stop
no proxyserver to stop
Stopping namenodes on [comet-14-01.ibnet]
comet-14-01.ibnet: no namenode to stop
comet-14-01.ibnet: no datanode to stop
comet-14-02.ibnet: no datanode to stop
Stopping secondary namenodes [comet-14-01.ibnet]
comet-14-01.ibnet: no secondarynamenode to stop
Copying Hadoop logs back to /home/rxc4370/cometcluster/logs...
'/scratch/rxc4370/36557550/logs' -> '/home/rxc4370/cometcluster/logs'
'/scratch/rxc4370/36557550/logs/yarn-rxc4370-nodemanager-comet-14-01.sdsc.edu.log' -> '/home/rxc4370/cometcluster/logs/yarn-rxc4370-nodemanager-comet-14-01.sdsc.edu.log'
'/scratch/rxc4370/36557550/logs/yarn-rxc4370-resourcemanager-comet-14-01.log' -> '/home/rxc4370/cometcluster/logs/yarn-rxc4370-resourcemanager-comet-14-01.log'
'/scratch/rxc4370/36557550/logs/hadoop-rxc4370-namenode-comet-14-01.sdsc.edu.out' -> '/home/rxc4370/cometcluster/logs/hadoop-rxc4370-namenode-comet-14-01.sdsc.edu.out'
'/scratch/rxc4370/36557550/logs/hadoop-rxc4370-secondarynamenode-comet-14-01.sdsc.edu.log' -> '/home/rxc4370/cometcluster/logs/hadoop-rxc4370-secondarynamenode-comet-14-01.sdsc.edu.log'
'/scratch/rxc4370/36557550/logs/hadoop-rxc4370-datanode-comet-14-01.sdsc.edu.out' -> '/home/rxc4370/cometcluster/logs/hadoop-rxc4370-datanode-comet-14-01.sdsc.edu.out'
'/scratch/rxc4370/36557550/logs/userlogs' -> '/home/rxc4370/cometcluster/logs/userlogs'
'/scratch/rxc4370/36557550/logs/hadoop-rxc4370-datanode-comet-14-01.sdsc.edu.log' -> '/home/rxc4370/cometcluster/logs/hadoop-rxc4370-datanode-comet-14-01.sdsc.edu.log'
'/scratch/rxc4370/36557550/logs/SecurityAuth-rxc4370.audit' -> '/home/rxc4370/cometcluster/logs/SecurityAuth-rxc4370.audit'
'/scratch/rxc4370/36557550/logs/hadoop-rxc4370-secondarynamenode-comet-14-01.sdsc.edu.out' -> '/home/rxc4370/cometcluster/logs/hadoop-rxc4370-secondarynamenode-comet-14-01.sdsc.edu.out'
'/scratch/rxc4370/36557550/logs/hadoop-rxc4370-namenode-comet-14-01.sdsc.edu.log' -> '/home/rxc4370/cometcluster/logs/hadoop-rxc4370-namenode-comet-14-01.sdsc.edu.log'
'/scratch/rxc4370/36557550/logs/yarn-rxc4370-nodemanager-comet-14-01.sdsc.edu.out' -> '/home/rxc4370/cometcluster/logs/yarn-rxc4370-nodemanager-comet-14-01.sdsc.edu.out'
'/scratch/rxc4370/36557550/logs/yarn-rxc4370-resourcemanager-comet-14-01.out' -> '/home/rxc4370/cometcluster/logs/yarn-rxc4370-resourcemanager-comet-14-01.out'
removed directory: ‘/scratch/rxc4370/36557550/mapred_scratch/nmPrivate’
removed directory: ‘/scratch/rxc4370/36557550/mapred_scratch/usercache’
removed directory: ‘/scratch/rxc4370/36557550/mapred_scratch/filecache’
removed directory: ‘/scratch/rxc4370/36557550/mapred_scratch’
removed directory: ‘/scratch/rxc4370/36557550/tmp/dfs/namesecondary’
removed directory: ‘/scratch/rxc4370/36557550/tmp/dfs’
removed directory: ‘/scratch/rxc4370/36557550/tmp’
removed ‘/scratch/rxc4370/36557550/namenode_data/current/fsimage_0000000000000000000.md5’
removed ‘/scratch/rxc4370/36557550/namenode_data/current/seen_txid’
removed ‘/scratch/rxc4370/36557550/namenode_data/current/VERSION’
removed ‘/scratch/rxc4370/36557550/namenode_data/current/fsimage_0000000000000000000’
removed directory: ‘/scratch/rxc4370/36557550/namenode_data/current’
removed directory: ‘/scratch/rxc4370/36557550/namenode_data’
removed directory: ‘/scratch/rxc4370/36557550/hdfs_data’
removed directory: ‘/scratch/rxc4370/36557550/pids’
removed ‘/scratch/rxc4370/36557550/logs/yarn-rxc4370-nodemanager-comet-14-01.sdsc.edu.log’
removed ‘/scratch/rxc4370/36557550/logs/yarn-rxc4370-resourcemanager-comet-14-01.log’
removed ‘/scratch/rxc4370/36557550/logs/hadoop-rxc4370-namenode-comet-14-01.sdsc.edu.out’
removed ‘/scratch/rxc4370/36557550/logs/hadoop-rxc4370-secondarynamenode-comet-14-01.sdsc.edu.log’
removed ‘/scratch/rxc4370/36557550/logs/hadoop-rxc4370-datanode-comet-14-01.sdsc.edu.out’
removed directory: ‘/scratch/rxc4370/36557550/logs/userlogs’
removed ‘/scratch/rxc4370/36557550/logs/hadoop-rxc4370-datanode-comet-14-01.sdsc.edu.log’
removed ‘/scratch/rxc4370/36557550/logs/SecurityAuth-rxc4370.audit’
removed ‘/scratch/rxc4370/36557550/logs/hadoop-rxc4370-secondarynamenode-comet-14-01.sdsc.edu.out’
removed ‘/scratch/rxc4370/36557550/logs/hadoop-rxc4370-namenode-comet-14-01.sdsc.edu.log’
removed ‘/scratch/rxc4370/36557550/logs/yarn-rxc4370-nodemanager-comet-14-01.sdsc.edu.out’
removed ‘/scratch/rxc4370/36557550/logs/yarn-rxc4370-resourcemanager-comet-14-01.out’
removed directory: ‘/scratch/rxc4370/36557550/logs’
removed directory: ‘/scratch/rxc4370/36557550/mapred_scratch/filecache’
removed directory: ‘/scratch/rxc4370/36557550/mapred_scratch/usercache’
removed directory: ‘/scratch/rxc4370/36557550/mapred_scratch/nmPrivate’
removed directory: ‘/scratch/rxc4370/36557550/mapred_scratch’
removed directory: ‘/scratch/rxc4370/36557550/hdfs_data’
removed directory: ‘/scratch/rxc4370/36557550/pids’
removed directory: ‘/scratch/rxc4370/36557550/logs/userlogs’
removed ‘/scratch/rxc4370/36557550/logs/hadoop-rxc4370-datanode-comet-14-02.sdsc.edu.out’
removed ‘/scratch/rxc4370/36557550/logs/SecurityAuth-rxc4370.audit’
removed ‘/scratch/rxc4370/36557550/logs/yarn-rxc4370-nodemanager-comet-14-02.sdsc.edu.log’
removed ‘/scratch/rxc4370/36557550/logs/yarn-rxc4370-nodemanager-comet-14-02.sdsc.edu.out’
removed ‘/scratch/rxc4370/36557550/logs/hadoop-rxc4370-datanode-comet-14-02.sdsc.edu.log’
removed directory: ‘/scratch/rxc4370/36557550/logs’
