which: no hadoop in (/opt/mvapich2/intel/ib/bin:/opt/intel/2018.1.163/compilers_and_libraries_2018.1.163/linux/bin/intel64:/usr/lib64/qt-3.3/bin:/usr/local/bin:/bin:/usr/bin:/usr/bin:/usr/local/sbin:/usr/sbin:/opt/sdsc/bin:/opt/sdsc/sbin:/opt/ibutils/bin:/opt/pdsh/bin:/opt/rocks/bin:/opt/rocks/sbin:/home/rxc4370/bin)
20/11/15 19:28:09 INFO pig.ExecTypeProvider: Trying ExecType : LOCAL
20/11/15 19:28:09 INFO pig.ExecTypeProvider: Picked LOCAL as the ExecType
2020-11-15 19:28:09,792 [main] INFO  org.apache.pig.Main - Apache Pig version 0.16.0 (r1746530) compiled Jun 01 2016, 23:09:59
2020-11-15 19:28:09,792 [main] INFO  org.apache.pig.Main - Logging error messages to: /home/rxc4370/project6/pig_1605497289788.log
2020-11-15 19:28:09,986 [main] INFO  org.apache.pig.impl.util.Utils - Default bootup file /home/rxc4370/.pigbootup not found
2020-11-15 19:28:10,150 [main] INFO  org.apache.pig.backend.hadoop.executionengine.HExecutionEngine - Connecting to hadoop file system at: file:///
2020-11-15 19:28:10,201 [main] INFO  org.apache.pig.PigServer - Pig Script ID for the session: 
2020-11-15 19:28:10,201 [main] WARN  org.apache.pig.PigServer - ATS is disabled since yarn.timeline-service.enabled set to false
2020-11-15 19:28:10,931 [main] INFO  org.apache.pig.tools.pigstats.ScriptState - Pig features used in the script: GROUP_BY
2020-11-15 19:28:11,109 [main] INFO  org.apache.pig.newplan.logical.optimizer.LogicalPlanOptimizer - {RULES_ENABLED=[AddForEach, ColumnMapKeyPrune, ConstantCalculator, GroupByConstParallelSetter, LimitOptimizer, LoadTypeCastInserter, MergeFilter, MergeForEach, PartitionFilterOptimizer, PredicatePushdownOptimizer, PushDownForEachFlatten, PushUpFilter, SplitFilter, StreamTypeCastInserter]}
2020-11-15 19:28:11,150 [main] INFO  org.apache.pig.impl.util.SpillableMemoryManager - Selected heap (Tenured Gen) of size 699072512 to monitor. collectionUsageThreshold = 489350752, usageThreshold = 489350752
2020-11-15 19:28:11,205 [main] INFO  org.apache.pig.backend.hadoop.executionengine.mapReduceLayer.MRCompiler - File concatenation threshold: 100 optimistic? false
2020-11-15 19:28:11,219 [main] WARN  org.apache.hadoop.util.NativeCodeLoader - Unable to load native-hadoop library for your platform... using builtin-java classes where applicable
2020-11-15 19:28:11,229 [main] INFO  org.apache.pig.backend.hadoop.executionengine.util.CombinerOptimizerUtil - Choosing to move algebraic foreach to combiner
2020-11-15 19:28:11,236 [main] INFO  org.apache.pig.backend.hadoop.executionengine.util.CombinerOptimizerUtil - Choosing to move algebraic foreach to combiner
2020-11-15 19:28:11,251 [main] INFO  org.apache.pig.backend.hadoop.executionengine.mapReduceLayer.MultiQueryOptimizer - MR plan size before optimization: 2
2020-11-15 19:28:11,252 [main] INFO  org.apache.pig.backend.hadoop.executionengine.mapReduceLayer.MultiQueryOptimizer - MR plan size after optimization: 2
2020-11-15 19:28:11,328 [main] INFO  org.apache.pig.tools.pigstats.mapreduce.MRScriptState - Pig script settings are added to the job
2020-11-15 19:28:11,340 [main] INFO  org.apache.pig.backend.hadoop.executionengine.mapReduceLayer.JobControlCompiler - mapred.job.reduce.markreset.buffer.percent is not set, set to default 0.3
2020-11-15 19:28:11,342 [main] INFO  org.apache.pig.backend.hadoop.executionengine.mapReduceLayer.JobControlCompiler - Reduce phase detected, estimating # of required reducers.
2020-11-15 19:28:11,342 [main] INFO  org.apache.pig.backend.hadoop.executionengine.mapReduceLayer.JobControlCompiler - Using reducer estimator: org.apache.pig.backend.hadoop.executionengine.mapReduceLayer.InputSizeReducerEstimator
2020-11-15 19:28:11,362 [main] INFO  org.apache.pig.backend.hadoop.executionengine.mapReduceLayer.InputSizeReducerEstimator - BytesPerReducer=1000000000 maxReducers=999 totalInputFileSize=165
2020-11-15 19:28:11,363 [main] INFO  org.apache.pig.backend.hadoop.executionengine.mapReduceLayer.JobControlCompiler - Setting Parallelism to 1
2020-11-15 19:28:11,373 [main] INFO  org.apache.pig.backend.hadoop.executionengine.mapReduceLayer.JobControlCompiler - Setting up single store job
2020-11-15 19:28:11,379 [main] INFO  org.apache.pig.data.SchemaTupleFrontend - Key [pig.schematuple] is false, will not generate code.
2020-11-15 19:28:11,379 [main] INFO  org.apache.pig.data.SchemaTupleFrontend - Starting process to move generated code to distributed cacche
2020-11-15 19:28:11,379 [main] INFO  org.apache.pig.data.SchemaTupleFrontend - Distributed cache not supported or needed in local mode. Setting key [pig.schematuple.local.dir] with code temp directory: /tmp/1605497291379-0
2020-11-15 19:28:11,508 [main] INFO  org.apache.pig.backend.hadoop.executionengine.mapReduceLayer.MapReduceLauncher - 1 map-reduce job(s) waiting for submission.
2020-11-15 19:28:11,538 [JobControl] WARN  org.apache.hadoop.mapred.JobClient - No job jar file set.  User classes may not be found. See JobConf(Class) or JobConf#setJar(String).
2020-11-15 19:28:11,581 [JobControl] INFO  org.apache.pig.builtin.PigStorage - Using PigTextInputFormat
2020-11-15 19:28:11,584 [JobControl] INFO  org.apache.hadoop.mapreduce.lib.input.FileInputFormat - Total input paths to process : 1
2020-11-15 19:28:11,584 [JobControl] INFO  org.apache.pig.backend.hadoop.executionengine.util.MapRedUtil - Total input paths to process : 1
2020-11-15 19:28:11,590 [JobControl] WARN  org.apache.hadoop.io.compress.snappy.LoadSnappy - Snappy native library is available
2020-11-15 19:28:11,590 [JobControl] WARN  org.apache.hadoop.io.compress.snappy.LoadSnappy - Snappy native library not loaded
2020-11-15 19:28:11,592 [JobControl] INFO  org.apache.pig.backend.hadoop.executionengine.util.MapRedUtil - Total input paths (combined) to process : 1
2020-11-15 19:28:11,891 [Thread-3] INFO  org.apache.hadoop.util.ProcessTree - setsid exited with exit code 0
2020-11-15 19:28:11,897 [Thread-3] INFO  org.apache.hadoop.mapred.Task -  Using ResourceCalculatorPlugin : org.apache.hadoop.util.LinuxResourceCalculatorPlugin@52217994
2020-11-15 19:28:11,917 [Thread-3] INFO  org.apache.pig.builtin.PigStorage - Using PigTextInputFormat
2020-11-15 19:28:11,918 [Thread-3] INFO  org.apache.pig.backend.hadoop.executionengine.mapReduceLayer.PigRecordReader - Current split being processed file:/home/rxc4370/project6/small-graph.txt:0+165
2020-11-15 19:28:11,924 [Thread-3] INFO  org.apache.hadoop.mapred.MapTask - io.sort.mb = 100
2020-11-15 19:28:12,006 [Thread-3] INFO  org.apache.hadoop.mapred.MapTask - data buffer = 79691776/99614720
2020-11-15 19:28:12,006 [Thread-3] INFO  org.apache.hadoop.mapred.MapTask - record buffer = 262144/327680
2020-11-15 19:28:12,008 [main] INFO  org.apache.pig.backend.hadoop.executionengine.mapReduceLayer.MapReduceLauncher - HadoopJobId: job_local_0001
2020-11-15 19:28:12,008 [main] INFO  org.apache.pig.backend.hadoop.executionengine.mapReduceLayer.MapReduceLauncher - Processing aliases A,B,C
2020-11-15 19:28:12,008 [main] INFO  org.apache.pig.backend.hadoop.executionengine.mapReduceLayer.MapReduceLauncher - detailed locations: M: A[1,4],A[-1,-1],C[3,4],B[2,4] C: C[3,4],B[2,4] R: C[3,4]
2020-11-15 19:28:12,010 [main] INFO  org.apache.pig.backend.hadoop.executionengine.mapReduceLayer.MapReduceLauncher - 0% complete
2020-11-15 19:28:12,010 [main] INFO  org.apache.pig.backend.hadoop.executionengine.mapReduceLayer.MapReduceLauncher - Running jobs are [job_local_0001]
2020-11-15 19:28:12,023 [Thread-3] INFO  org.apache.pig.impl.util.SpillableMemoryManager - Selected heap (Tenured Gen) of size 699072512 to monitor. collectionUsageThreshold = 489350752, usageThreshold = 489350752
2020-11-15 19:28:12,024 [Thread-3] INFO  org.apache.pig.data.SchemaTupleBackend - Key [pig.schematuple] was not set... will not generate code.
2020-11-15 19:28:12,041 [Thread-3] INFO  org.apache.pig.backend.hadoop.executionengine.mapReduceLayer.PigGenericMapReduce$Map - Aliases being processed per job phase (AliasName[line,offset]): M: A[1,4],A[-1,-1],C[3,4],B[2,4] C: C[3,4],B[2,4] R: C[3,4]
2020-11-15 19:28:12,076 [Thread-3] INFO  org.apache.hadoop.mapred.MapTask - Starting flush of map output
2020-11-15 19:28:12,126 [Thread-3] INFO  org.apache.pig.backend.hadoop.executionengine.mapReduceLayer.PigCombiner$Combine - Aliases being processed per job phase (AliasName[line,offset]): M: A[1,4],A[-1,-1],C[3,4],B[2,4] C: C[3,4],B[2,4] R: C[3,4]
2020-11-15 19:28:12,139 [Thread-3] INFO  org.apache.hadoop.mapred.MapTask - Finished spill 0
2020-11-15 19:28:12,149 [Thread-3] INFO  org.apache.hadoop.mapred.Task - Task:attempt_local_0001_m_000000_0 is done. And is in the process of commiting
2020-11-15 19:28:14,884 [Thread-3] INFO  org.apache.hadoop.mapred.LocalJobRunner - 
2020-11-15 19:28:14,885 [Thread-3] INFO  org.apache.hadoop.mapred.Task - Task 'attempt_local_0001_m_000000_0' done.
2020-11-15 19:28:14,909 [Thread-3] INFO  org.apache.hadoop.mapred.Task -  Using ResourceCalculatorPlugin : org.apache.hadoop.util.LinuxResourceCalculatorPlugin@30bb2555
2020-11-15 19:28:14,909 [Thread-3] INFO  org.apache.hadoop.mapred.LocalJobRunner - 
2020-11-15 19:28:14,914 [Thread-3] INFO  org.apache.hadoop.mapred.Merger - Merging 1 sorted segments
2020-11-15 19:28:14,917 [Thread-3] INFO  org.apache.hadoop.mapred.Merger - Down to the last merge-pass, with 1 segments left of total size: 146 bytes
2020-11-15 19:28:14,917 [Thread-3] INFO  org.apache.hadoop.mapred.LocalJobRunner - 
2020-11-15 19:28:14,934 [Thread-3] INFO  org.apache.pig.impl.util.SpillableMemoryManager - Selected heap (Tenured Gen) of size 699072512 to monitor. collectionUsageThreshold = 489350752, usageThreshold = 489350752
2020-11-15 19:28:14,934 [Thread-3] WARN  org.apache.pig.data.SchemaTupleBackend - SchemaTupleBackend has already been initialized
2020-11-15 19:28:14,939 [Thread-3] INFO  org.apache.pig.backend.hadoop.executionengine.mapReduceLayer.PigMapReduce$Reduce - Aliases being processed per job phase (AliasName[line,offset]): M: A[1,4],A[-1,-1],C[3,4],B[2,4] C: C[3,4],B[2,4] R: C[3,4]
2020-11-15 19:28:14,940 [Thread-3] INFO  org.apache.hadoop.mapred.Task - Task:attempt_local_0001_r_000000_0 is done. And is in the process of commiting
2020-11-15 19:28:14,941 [Thread-3] INFO  org.apache.hadoop.mapred.LocalJobRunner - 
2020-11-15 19:28:14,941 [Thread-3] INFO  org.apache.hadoop.mapred.Task - Task attempt_local_0001_r_000000_0 is allowed to commit now
2020-11-15 19:28:14,943 [Thread-3] INFO  org.apache.hadoop.mapreduce.lib.output.FileOutputCommitter - Saved output of task 'attempt_local_0001_r_000000_0' to file:/tmp/temp-1465443280/tmp1249919370
2020-11-15 19:28:15,012 [main] INFO  org.apache.pig.backend.hadoop.executionengine.mapReduceLayer.MapReduceLauncher - 25% complete
2020-11-15 19:28:15,012 [main] INFO  org.apache.pig.backend.hadoop.executionengine.mapReduceLayer.MapReduceLauncher - Running jobs are [job_local_0001]
2020-11-15 19:28:17,909 [Thread-3] INFO  org.apache.hadoop.mapred.LocalJobRunner - reduce > reduce
2020-11-15 19:28:17,910 [Thread-3] INFO  org.apache.hadoop.mapred.Task - Task 'attempt_local_0001_r_000000_0' done.
2020-11-15 19:28:18,013 [main] INFO  org.apache.pig.backend.hadoop.executionengine.mapReduceLayer.MapReduceLauncher - 50% complete
2020-11-15 19:28:18,013 [main] INFO  org.apache.pig.backend.hadoop.executionengine.mapReduceLayer.MapReduceLauncher - Running jobs are [job_local_0001]
2020-11-15 19:28:18,520 [main] INFO  org.apache.pig.tools.pigstats.mapreduce.MRScriptState - Pig script settings are added to the job
2020-11-15 19:28:18,520 [main] INFO  org.apache.pig.backend.hadoop.executionengine.mapReduceLayer.JobControlCompiler - mapred.job.reduce.markreset.buffer.percent is not set, set to default 0.3
2020-11-15 19:28:18,520 [main] INFO  org.apache.pig.backend.hadoop.executionengine.mapReduceLayer.JobControlCompiler - Reduce phase detected, estimating # of required reducers.
2020-11-15 19:28:18,520 [main] INFO  org.apache.pig.backend.hadoop.executionengine.mapReduceLayer.JobControlCompiler - Using reducer estimator: org.apache.pig.backend.hadoop.executionengine.mapReduceLayer.InputSizeReducerEstimator
2020-11-15 19:28:18,521 [main] INFO  org.apache.pig.backend.hadoop.executionengine.mapReduceLayer.InputSizeReducerEstimator - BytesPerReducer=1000000000 maxReducers=999 totalInputFileSize=64
2020-11-15 19:28:18,521 [main] INFO  org.apache.pig.backend.hadoop.executionengine.mapReduceLayer.JobControlCompiler - Setting Parallelism to 1
2020-11-15 19:28:18,522 [main] INFO  org.apache.pig.backend.hadoop.executionengine.mapReduceLayer.JobControlCompiler - Setting up single store job
2020-11-15 19:28:18,549 [main] INFO  org.apache.pig.backend.hadoop.executionengine.mapReduceLayer.MapReduceLauncher - 1 map-reduce job(s) waiting for submission.
2020-11-15 19:28:18,562 [JobControl] WARN  org.apache.hadoop.mapred.JobClient - No job jar file set.  User classes may not be found. See JobConf(Class) or JobConf#setJar(String).
2020-11-15 19:28:18,567 [JobControl] INFO  org.apache.hadoop.mapreduce.lib.input.FileInputFormat - Total input paths to process : 1
2020-11-15 19:28:18,567 [JobControl] INFO  org.apache.pig.backend.hadoop.executionengine.util.MapRedUtil - Total input paths to process : 1
2020-11-15 19:28:18,567 [JobControl] INFO  org.apache.pig.backend.hadoop.executionengine.util.MapRedUtil - Total input paths (combined) to process : 1
2020-11-15 19:28:18,623 [Thread-9] INFO  org.apache.hadoop.mapred.Task -  Using ResourceCalculatorPlugin : org.apache.hadoop.util.LinuxResourceCalculatorPlugin@2283f541
2020-11-15 19:28:18,626 [Thread-9] INFO  org.apache.pig.backend.hadoop.executionengine.mapReduceLayer.PigRecordReader - Current split being processed file:/tmp/temp-1465443280/tmp1249919370/part-r-00000:0+64
2020-11-15 19:28:18,626 [Thread-9] INFO  org.apache.hadoop.mapred.MapTask - io.sort.mb = 100
2020-11-15 19:28:18,678 [Thread-9] INFO  org.apache.hadoop.mapred.MapTask - data buffer = 79691776/99614720
2020-11-15 19:28:18,678 [Thread-9] INFO  org.apache.hadoop.mapred.MapTask - record buffer = 262144/327680
2020-11-15 19:28:18,681 [Thread-9] INFO  org.apache.pig.impl.util.SpillableMemoryManager - Selected heap (Tenured Gen) of size 699072512 to monitor. collectionUsageThreshold = 489350752, usageThreshold = 489350752
2020-11-15 19:28:18,681 [Thread-9] WARN  org.apache.pig.data.SchemaTupleBackend - SchemaTupleBackend has already been initialized
2020-11-15 19:28:18,684 [Thread-9] INFO  org.apache.pig.backend.hadoop.executionengine.mapReduceLayer.PigGenericMapReduce$Map - Aliases being processed per job phase (AliasName[line,offset]): M: O[5,4],D[4,4] C: O[5,4],D[4,4] R: O[5,4]
2020-11-15 19:28:18,685 [Thread-9] INFO  org.apache.hadoop.mapred.MapTask - Starting flush of map output
2020-11-15 19:28:18,710 [Thread-9] INFO  org.apache.hadoop.mapred.MapTask - Finished spill 0
2020-11-15 19:28:18,718 [Thread-9] INFO  org.apache.hadoop.mapred.Task - Task:attempt_local_0002_m_000000_0 is done. And is in the process of commiting
2020-11-15 19:28:19,052 [main] INFO  org.apache.pig.backend.hadoop.executionengine.mapReduceLayer.MapReduceLauncher - HadoopJobId: job_local_0002
2020-11-15 19:28:19,052 [main] INFO  org.apache.pig.backend.hadoop.executionengine.mapReduceLayer.MapReduceLauncher - Processing aliases D,O
2020-11-15 19:28:19,052 [main] INFO  org.apache.pig.backend.hadoop.executionengine.mapReduceLayer.MapReduceLauncher - detailed locations: M: O[5,4],D[4,4] C: O[5,4],D[4,4] R: O[5,4]
2020-11-15 19:28:21,637 [Thread-9] INFO  org.apache.hadoop.mapred.LocalJobRunner - 
2020-11-15 19:28:21,643 [Thread-9] INFO  org.apache.hadoop.mapred.Task - Task 'attempt_local_0002_m_000000_0' done.
2020-11-15 19:28:21,648 [Thread-9] INFO  org.apache.hadoop.mapred.Task -  Using ResourceCalculatorPlugin : org.apache.hadoop.util.LinuxResourceCalculatorPlugin@1f86ebf0
2020-11-15 19:28:21,648 [Thread-9] INFO  org.apache.hadoop.mapred.LocalJobRunner - 
2020-11-15 19:28:21,649 [Thread-9] INFO  org.apache.hadoop.mapred.Merger - Merging 1 sorted segments
2020-11-15 19:28:21,649 [Thread-9] INFO  org.apache.hadoop.mapred.Merger - Down to the last merge-pass, with 1 segments left of total size: 90 bytes
2020-11-15 19:28:21,649 [Thread-9] INFO  org.apache.hadoop.mapred.LocalJobRunner - 
2020-11-15 19:28:21,668 [Thread-9] INFO  org.apache.pig.impl.util.SpillableMemoryManager - Selected heap (Tenured Gen) of size 699072512 to monitor. collectionUsageThreshold = 489350752, usageThreshold = 489350752
2020-11-15 19:28:21,668 [Thread-9] WARN  org.apache.pig.data.SchemaTupleBackend - SchemaTupleBackend has already been initialized
2020-11-15 19:28:21,671 [Thread-9] INFO  org.apache.pig.backend.hadoop.executionengine.mapReduceLayer.PigMapReduce$Reduce - Aliases being processed per job phase (AliasName[line,offset]): M: O[5,4],D[4,4] C: O[5,4],D[4,4] R: O[5,4]
2020-11-15 19:28:21,682 [Thread-9] INFO  org.apache.hadoop.mapred.Task - Task:attempt_local_0002_r_000000_0 is done. And is in the process of commiting
2020-11-15 19:28:21,683 [Thread-9] INFO  org.apache.hadoop.mapred.LocalJobRunner - 
2020-11-15 19:28:21,683 [Thread-9] INFO  org.apache.hadoop.mapred.Task - Task attempt_local_0002_r_000000_0 is allowed to commit now
2020-11-15 19:28:21,692 [Thread-9] INFO  org.apache.hadoop.mapreduce.lib.output.FileOutputCommitter - Saved output of task 'attempt_local_0002_r_000000_0' to file:/home/rxc4370/project6/output
2020-11-15 19:28:22,055 [main] INFO  org.apache.pig.backend.hadoop.executionengine.mapReduceLayer.MapReduceLauncher - 75% complete
2020-11-15 19:28:22,055 [main] INFO  org.apache.pig.backend.hadoop.executionengine.mapReduceLayer.MapReduceLauncher - Running jobs are [job_local_0002]
2020-11-15 19:28:24,658 [Thread-9] INFO  org.apache.hadoop.mapred.LocalJobRunner - reduce > reduce
2020-11-15 19:28:24,659 [Thread-9] INFO  org.apache.hadoop.mapred.Task - Task 'attempt_local_0002_r_000000_0' done.
2020-11-15 19:28:25,060 [main] INFO  org.apache.pig.backend.hadoop.executionengine.mapReduceLayer.MapReduceLauncher - 100% complete
2020-11-15 19:28:25,062 [main] INFO  org.apache.pig.tools.pigstats.mapreduce.SimplePigStats - Script Statistics: 

HadoopVersion	PigVersion	UserId	StartedAt	FinishedAt	Features
1.0.4	0.16.0	rxc4370	2020-11-15 19:28:11	2020-11-15 19:28:25	GROUP_BY

Success!

Job Stats (time in seconds):
JobId	Maps	Reduces	MaxMapTime	MinMapTime	AvgMapTime	MedianMapTime	MaxReduceTime	MinReduceTime	AvgReduceTime	MedianReducetime	Alias	Feature	Outputs
job_local_0001	1	1	n/a	n/a	n/a	n/a	n/a	n/a	n/a	n/a	A,B,C	GROUP_BY,COMBINER	
job_local_0002	1	1	n/a	n/a	n/a	n/a	n/a	n/a	n/a	n/a	D,O	GROUP_BY,COMBINER	file:///home/rxc4370/project6/output,

Input(s):
Successfully read 31 records from: "file:///home/rxc4370/project6/small-graph.txt"

Output(s):
Successfully stored 5 records in: "file:///home/rxc4370/project6/output"

Counters:
Total records written : 5
Total bytes written : 0
Spillable Memory Manager spill count : 0
Total bags proactively spilled: 0
Total records proactively spilled: 0

Job DAG:
job_local_0001	->	job_local_0002,
job_local_0002


2020-11-15 19:28:25,076 [main] INFO  org.apache.pig.backend.hadoop.executionengine.mapReduceLayer.MapReduceLauncher - Success!
2020-11-15 19:28:25,098 [main] INFO  org.apache.pig.Main - Pig script completed in 15 seconds and 590 milliseconds (15590 ms)
