Using Spark's default log4j profile: org/apache/spark/log4j-defaults.properties
20/11/10 20:45:06 INFO SparkContext: Running Spark version 1.5.2
20/11/10 20:45:06 WARN NativeCodeLoader: Unable to load native-hadoop library for your platform... using builtin-java classes where applicable
20/11/10 20:45:06 INFO SecurityManager: Changing view acls to: rxc4370
20/11/10 20:45:06 INFO SecurityManager: Changing modify acls to: rxc4370
20/11/10 20:45:06 INFO SecurityManager: SecurityManager: authentication disabled; ui acls disabled; users with view permissions: Set(rxc4370); users with modify permissions: Set(rxc4370)
20/11/10 20:45:07 INFO Slf4jLogger: Slf4jLogger started
20/11/10 20:45:07 INFO Remoting: Starting remoting
20/11/10 20:45:07 INFO Remoting: Remoting started; listening on addresses :[akka.tcp://sparkDriver@198.202.112.112:40443]
20/11/10 20:45:07 INFO Utils: Successfully started service 'sparkDriver' on port 40443.
20/11/10 20:45:07 INFO SparkEnv: Registering MapOutputTracker
20/11/10 20:45:07 INFO SparkEnv: Registering BlockManagerMaster
20/11/10 20:45:07 INFO DiskBlockManager: Created local directory at /tmp/blockmgr-64a21c1f-26a2-421e-85db-62c8f6dad1bb
20/11/10 20:45:07 INFO MemoryStore: MemoryStore started with capacity 530.0 MB
20/11/10 20:45:07 INFO HttpFileServer: HTTP File server directory is /tmp/spark-7418565f-a057-427f-add9-e73606f37ad4/httpd-2bcefe2a-7c89-4e11-8c92-fbf6aa713438
20/11/10 20:45:07 INFO HttpServer: Starting HTTP Server
20/11/10 20:45:07 INFO Utils: Successfully started service 'HTTP file server' on port 38841.
20/11/10 20:45:07 INFO SparkEnv: Registering OutputCommitCoordinator
20/11/10 20:45:07 INFO Utils: Successfully started service 'SparkUI' on port 4040.
20/11/10 20:45:07 INFO SparkUI: Started SparkUI at http://198.202.112.112:4040
20/11/10 20:45:07 INFO SparkContext: Added JAR file:/home/rxc4370/project5/partition.jar at http://198.202.112.112:38841/jars/partition.jar with timestamp 1605069907804
20/11/10 20:45:07 WARN MetricsSystem: Using default name DAGScheduler for source because spark.app.id is not set.
20/11/10 20:45:07 INFO Executor: Starting executor ID driver on host localhost
20/11/10 20:45:07 INFO Utils: Successfully started service 'org.apache.spark.network.netty.NettyBlockTransferService' on port 35791.
20/11/10 20:45:07 INFO NettyBlockTransferService: Server created on 35791
20/11/10 20:45:07 INFO BlockManagerMaster: Trying to register BlockManager
20/11/10 20:45:07 INFO BlockManagerMasterEndpoint: Registering block manager localhost:35791 with 530.0 MB RAM, BlockManagerId(driver, localhost, 35791)
20/11/10 20:45:07 INFO BlockManagerMaster: Registered BlockManager
20/11/10 20:45:08 INFO MemoryStore: ensureFreeSpace(120040) called with curMem=0, maxMem=555755765
20/11/10 20:45:08 INFO MemoryStore: Block broadcast_0 stored as values in memory (estimated size 117.2 KB, free 529.9 MB)
20/11/10 20:45:08 INFO MemoryStore: ensureFreeSpace(12673) called with curMem=120040, maxMem=555755765
20/11/10 20:45:08 INFO MemoryStore: Block broadcast_0_piece0 stored as bytes in memory (estimated size 12.4 KB, free 529.9 MB)
20/11/10 20:45:08 INFO BlockManagerInfo: Added broadcast_0_piece0 in memory on localhost:35791 (size: 12.4 KB, free: 530.0 MB)
20/11/10 20:45:08 INFO SparkContext: Created broadcast 0 from textFile at Partition.scala:14
20/11/10 20:45:08 INFO FileInputFormat: Total input paths to process : 1
20/11/10 20:45:08 INFO SparkContext: Starting job: sortBy at Partition.scala:44
20/11/10 20:45:08 INFO DAGScheduler: Registering RDD 5 (map at Partition.scala:32)
20/11/10 20:45:08 INFO DAGScheduler: Registering RDD 3 (flatMap at Partition.scala:30)
20/11/10 20:45:08 INFO DAGScheduler: Registering RDD 10 (flatMap at Partition.scala:30)
20/11/10 20:45:08 INFO MapOutputTrackerMaster: Size of output statuses for shuffle 7 is 85 bytes
20/11/10 20:45:08 INFO MapOutputTrackerMaster: Size of output statuses for shuffle 0 is 85 bytes
20/11/10 20:45:08 INFO DAGScheduler: Registering RDD 12 (map at Partition.scala:32)
20/11/10 20:45:08 INFO DAGScheduler: Registering RDD 19 (map at Partition.scala:32)
20/11/10 20:45:08 INFO DAGScheduler: Registering RDD 17 (flatMap at Partition.scala:30)
20/11/10 20:45:08 INFO DAGScheduler: Registering RDD 24 (flatMap at Partition.scala:30)
20/11/10 20:45:08 INFO MapOutputTrackerMaster: Size of output statuses for shuffle 9 is 85 bytes
20/11/10 20:45:08 INFO MapOutputTrackerMaster: Size of output statuses for shuffle 8 is 85 bytes
20/11/10 20:45:08 INFO MapOutputTrackerMaster: Size of output statuses for shuffle 1 is 85 bytes
20/11/10 20:45:08 INFO MapOutputTrackerMaster: Size of output statuses for shuffle 2 is 85 bytes
20/11/10 20:45:08 INFO DAGScheduler: Registering RDD 26 (map at Partition.scala:32)
20/11/10 20:45:08 INFO DAGScheduler: Registering RDD 33 (map at Partition.scala:32)
20/11/10 20:45:08 INFO DAGScheduler: Registering RDD 31 (flatMap at Partition.scala:30)
20/11/10 20:45:08 INFO DAGScheduler: Registering RDD 38 (flatMap at Partition.scala:30)
20/11/10 20:45:08 INFO MapOutputTrackerMaster: Size of output statuses for shuffle 11 is 85 bytes
20/11/10 20:45:08 INFO MapOutputTrackerMaster: Size of output statuses for shuffle 10 is 85 bytes
20/11/10 20:45:08 INFO MapOutputTrackerMaster: Size of output statuses for shuffle 3 is 85 bytes
20/11/10 20:45:08 INFO MapOutputTrackerMaster: Size of output statuses for shuffle 4 is 85 bytes
20/11/10 20:45:08 INFO DAGScheduler: Registering RDD 40 (map at Partition.scala:32)
20/11/10 20:45:08 INFO DAGScheduler: Registering RDD 45 (map at Partition.scala:44)
20/11/10 20:45:08 INFO DAGScheduler: Got job 0 (sortBy at Partition.scala:44) with 2 output partitions
20/11/10 20:45:08 INFO DAGScheduler: Final stage: ResultStage 31(sortBy at Partition.scala:44)
20/11/10 20:45:08 INFO DAGScheduler: Parents of final stage: List(ShuffleMapStage 30)
20/11/10 20:45:08 INFO DAGScheduler: Missing parents: List(ShuffleMapStage 30)
20/11/10 20:45:08 INFO DAGScheduler: Submitting ShuffleMapStage 23 (MapPartitionsRDD[3] at flatMap at Partition.scala:30), which has no missing parents
20/11/10 20:45:08 INFO MemoryStore: ensureFreeSpace(4200) called with curMem=132713, maxMem=555755765
20/11/10 20:45:08 INFO MemoryStore: Block broadcast_1 stored as values in memory (estimated size 4.1 KB, free 529.9 MB)
20/11/10 20:45:09 INFO MemoryStore: ensureFreeSpace(2378) called with curMem=136913, maxMem=555755765
20/11/10 20:45:09 INFO MemoryStore: Block broadcast_1_piece0 stored as bytes in memory (estimated size 2.3 KB, free 529.9 MB)
20/11/10 20:45:09 INFO BlockManagerInfo: Added broadcast_1_piece0 in memory on localhost:35791 (size: 2.3 KB, free: 530.0 MB)
20/11/10 20:45:09 INFO SparkContext: Created broadcast 1 from broadcast at DAGScheduler.scala:861
20/11/10 20:45:09 INFO DAGScheduler: Submitting 2 missing tasks from ShuffleMapStage 23 (MapPartitionsRDD[3] at flatMap at Partition.scala:30)
20/11/10 20:45:09 INFO TaskSchedulerImpl: Adding task set 23.0 with 2 tasks
20/11/10 20:45:09 INFO DAGScheduler: Submitting ShuffleMapStage 24 (MapPartitionsRDD[5] at map at Partition.scala:32), which has no missing parents
20/11/10 20:45:09 INFO MemoryStore: ensureFreeSpace(3808) called with curMem=139291, maxMem=555755765
20/11/10 20:45:09 INFO MemoryStore: Block broadcast_2 stored as values in memory (estimated size 3.7 KB, free 529.9 MB)
20/11/10 20:45:09 INFO MemoryStore: ensureFreeSpace(2220) called with curMem=143099, maxMem=555755765
20/11/10 20:45:09 INFO MemoryStore: Block broadcast_2_piece0 stored as bytes in memory (estimated size 2.2 KB, free 529.9 MB)
20/11/10 20:45:09 INFO BlockManagerInfo: Added broadcast_2_piece0 in memory on localhost:35791 (size: 2.2 KB, free: 530.0 MB)
20/11/10 20:45:09 INFO SparkContext: Created broadcast 2 from broadcast at DAGScheduler.scala:861
20/11/10 20:45:09 INFO DAGScheduler: Submitting 2 missing tasks from ShuffleMapStage 24 (MapPartitionsRDD[5] at map at Partition.scala:32)
20/11/10 20:45:09 INFO TaskSchedulerImpl: Adding task set 24.0 with 2 tasks
20/11/10 20:45:09 INFO TaskSetManager: Starting task 0.0 in stage 23.0 (TID 0, localhost, PROCESS_LOCAL, 2198 bytes)
20/11/10 20:45:09 INFO TaskSetManager: Starting task 1.0 in stage 23.0 (TID 1, localhost, PROCESS_LOCAL, 2198 bytes)
20/11/10 20:45:09 INFO Executor: Running task 0.0 in stage 23.0 (TID 0)
20/11/10 20:45:09 INFO Executor: Fetching http://198.202.112.112:38841/jars/partition.jar with timestamp 1605069907804
20/11/10 20:45:09 INFO Executor: Running task 1.0 in stage 23.0 (TID 1)
20/11/10 20:45:09 INFO Utils: Fetching http://198.202.112.112:38841/jars/partition.jar to /tmp/spark-7418565f-a057-427f-add9-e73606f37ad4/userFiles-b2c8ae38-5953-4b95-9aff-83f840b2a6d3/fetchFileTemp2020119176614841567.tmp
20/11/10 20:45:09 INFO Executor: Adding file:/tmp/spark-7418565f-a057-427f-add9-e73606f37ad4/userFiles-b2c8ae38-5953-4b95-9aff-83f840b2a6d3/partition.jar to class loader
20/11/10 20:45:09 INFO HadoopRDD: Input split: file:/home/rxc4370/project5/small-graph.txt:1770+1771
20/11/10 20:45:09 INFO deprecation: mapred.tip.id is deprecated. Instead, use mapreduce.task.id
20/11/10 20:45:09 INFO deprecation: mapred.task.id is deprecated. Instead, use mapreduce.task.attempt.id
20/11/10 20:45:09 INFO deprecation: mapred.task.is.map is deprecated. Instead, use mapreduce.task.ismap
20/11/10 20:45:09 INFO deprecation: mapred.task.partition is deprecated. Instead, use mapreduce.task.partition
20/11/10 20:45:09 INFO deprecation: mapred.job.id is deprecated. Instead, use mapreduce.job.id
20/11/10 20:45:09 INFO HadoopRDD: Input split: file:/home/rxc4370/project5/small-graph.txt:0+1770
20/11/10 20:45:09 INFO Executor: Finished task 0.0 in stage 23.0 (TID 0). 2254 bytes result sent to driver
20/11/10 20:45:09 INFO Executor: Finished task 1.0 in stage 23.0 (TID 1). 2254 bytes result sent to driver
20/11/10 20:45:09 INFO TaskSetManager: Starting task 0.0 in stage 24.0 (TID 2, localhost, PROCESS_LOCAL, 2198 bytes)
20/11/10 20:45:09 INFO Executor: Running task 0.0 in stage 24.0 (TID 2)
20/11/10 20:45:09 INFO HadoopRDD: Input split: file:/home/rxc4370/project5/small-graph.txt:0+1770
20/11/10 20:45:09 INFO TaskSetManager: Starting task 1.0 in stage 24.0 (TID 3, localhost, PROCESS_LOCAL, 2198 bytes)
20/11/10 20:45:09 INFO Executor: Running task 1.0 in stage 24.0 (TID 3)
20/11/10 20:45:09 INFO HadoopRDD: Input split: file:/home/rxc4370/project5/small-graph.txt:1770+1771
20/11/10 20:45:09 INFO TaskSetManager: Finished task 0.0 in stage 23.0 (TID 0) in 269 ms on localhost (1/2)
20/11/10 20:45:09 INFO Executor: Finished task 1.0 in stage 24.0 (TID 3). 2254 bytes result sent to driver
20/11/10 20:45:09 INFO Executor: Finished task 0.0 in stage 24.0 (TID 2). 2254 bytes result sent to driver
20/11/10 20:45:09 INFO TaskSetManager: Finished task 1.0 in stage 23.0 (TID 1) in 269 ms on localhost (2/2)
20/11/10 20:45:09 INFO TaskSchedulerImpl: Removed TaskSet 23.0, whose tasks have all completed, from pool 
20/11/10 20:45:09 INFO DAGScheduler: ShuffleMapStage 23 (flatMap at Partition.scala:30) finished in 0.284 s
20/11/10 20:45:09 INFO TaskSetManager: Finished task 1.0 in stage 24.0 (TID 3) in 39 ms on localhost (1/2)
20/11/10 20:45:09 INFO DAGScheduler: looking for newly runnable stages
20/11/10 20:45:09 INFO DAGScheduler: running: Set(ShuffleMapStage 24)
20/11/10 20:45:09 INFO DAGScheduler: waiting: Set(ShuffleMapStage 30, ShuffleMapStage 27, ShuffleMapStage 19, ResultStage 31, ShuffleMapStage 20, ShuffleMapStage 21, ShuffleMapStage 18, ShuffleMapStage 28, ShuffleMapStage 25, ShuffleMapStage 22, ShuffleMapStage 29, ShuffleMapStage 26)
20/11/10 20:45:09 INFO DAGScheduler: failed: Set()
20/11/10 20:45:09 INFO DAGScheduler: Missing parents for ShuffleMapStage 30: List(ShuffleMapStage 18, ShuffleMapStage 29)
20/11/10 20:45:09 INFO DAGScheduler: Missing parents for ShuffleMapStage 27: List(ShuffleMapStage 21, ShuffleMapStage 26)
20/11/10 20:45:09 INFO DAGScheduler: Missing parents for ShuffleMapStage 19: List(ShuffleMapStage 27, ShuffleMapStage 20)
20/11/10 20:45:09 INFO DAGScheduler: Missing parents for ResultStage 31: List(ShuffleMapStage 30)
20/11/10 20:45:09 INFO DAGScheduler: Missing parents for ShuffleMapStage 20: List(ShuffleMapStage 21, ShuffleMapStage 26)
20/11/10 20:45:09 INFO DAGScheduler: Missing parents for ShuffleMapStage 21: List(ShuffleMapStage 25, ShuffleMapStage 22)
20/11/10 20:45:09 INFO DAGScheduler: Missing parents for ShuffleMapStage 18: List(ShuffleMapStage 19, ShuffleMapStage 28)
20/11/10 20:45:09 INFO DAGScheduler: Missing parents for ShuffleMapStage 28: List(ShuffleMapStage 27, ShuffleMapStage 20)
20/11/10 20:45:09 INFO DAGScheduler: Missing parents for ShuffleMapStage 25: List(ShuffleMapStage 24)
20/11/10 20:45:09 INFO DAGScheduler: Missing parents for ShuffleMapStage 22: List(ShuffleMapStage 24)
20/11/10 20:45:09 INFO DAGScheduler: Missing parents for ShuffleMapStage 29: List(ShuffleMapStage 19, ShuffleMapStage 28)
20/11/10 20:45:09 INFO DAGScheduler: Missing parents for ShuffleMapStage 26: List(ShuffleMapStage 25, ShuffleMapStage 22)
20/11/10 20:45:09 INFO TaskSetManager: Finished task 0.0 in stage 24.0 (TID 2) in 55 ms on localhost (2/2)
20/11/10 20:45:09 INFO TaskSchedulerImpl: Removed TaskSet 24.0, whose tasks have all completed, from pool 
20/11/10 20:45:09 INFO DAGScheduler: ShuffleMapStage 24 (map at Partition.scala:32) finished in 0.272 s
20/11/10 20:45:09 INFO DAGScheduler: looking for newly runnable stages
20/11/10 20:45:09 INFO DAGScheduler: running: Set()
20/11/10 20:45:09 INFO DAGScheduler: waiting: Set(ShuffleMapStage 30, ShuffleMapStage 27, ShuffleMapStage 19, ResultStage 31, ShuffleMapStage 20, ShuffleMapStage 21, ShuffleMapStage 18, ShuffleMapStage 28, ShuffleMapStage 25, ShuffleMapStage 22, ShuffleMapStage 29, ShuffleMapStage 26)
20/11/10 20:45:09 INFO DAGScheduler: failed: Set()
20/11/10 20:45:09 INFO DAGScheduler: Missing parents for ShuffleMapStage 30: List(ShuffleMapStage 18, ShuffleMapStage 29)
20/11/10 20:45:09 INFO DAGScheduler: Missing parents for ShuffleMapStage 27: List(ShuffleMapStage 21, ShuffleMapStage 26)
20/11/10 20:45:09 INFO DAGScheduler: Missing parents for ShuffleMapStage 19: List(ShuffleMapStage 27, ShuffleMapStage 20)
20/11/10 20:45:09 INFO DAGScheduler: Missing parents for ResultStage 31: List(ShuffleMapStage 30)
20/11/10 20:45:09 INFO DAGScheduler: Missing parents for ShuffleMapStage 20: List(ShuffleMapStage 21, ShuffleMapStage 26)
20/11/10 20:45:09 INFO DAGScheduler: Missing parents for ShuffleMapStage 21: List(ShuffleMapStage 25, ShuffleMapStage 22)
20/11/10 20:45:09 INFO DAGScheduler: Missing parents for ShuffleMapStage 18: List(ShuffleMapStage 19, ShuffleMapStage 28)
20/11/10 20:45:09 INFO DAGScheduler: Missing parents for ShuffleMapStage 28: List(ShuffleMapStage 27, ShuffleMapStage 20)
20/11/10 20:45:09 INFO DAGScheduler: Missing parents for ShuffleMapStage 25: List()
20/11/10 20:45:09 INFO DAGScheduler: Missing parents for ShuffleMapStage 22: List()
20/11/10 20:45:09 INFO DAGScheduler: Missing parents for ShuffleMapStage 29: List(ShuffleMapStage 19, ShuffleMapStage 28)
20/11/10 20:45:09 INFO DAGScheduler: Missing parents for ShuffleMapStage 26: List(ShuffleMapStage 25, ShuffleMapStage 22)
20/11/10 20:45:09 INFO DAGScheduler: Submitting ShuffleMapStage 22 (MapPartitionsRDD[10] at flatMap at Partition.scala:30), which is now runnable
20/11/10 20:45:09 INFO MemoryStore: ensureFreeSpace(3624) called with curMem=145319, maxMem=555755765
20/11/10 20:45:09 INFO MemoryStore: Block broadcast_3 stored as values in memory (estimated size 3.5 KB, free 529.9 MB)
20/11/10 20:45:09 INFO MemoryStore: ensureFreeSpace(1837) called with curMem=148943, maxMem=555755765
20/11/10 20:45:09 INFO MemoryStore: Block broadcast_3_piece0 stored as bytes in memory (estimated size 1837.0 B, free 529.9 MB)
20/11/10 20:45:09 INFO BlockManagerInfo: Added broadcast_3_piece0 in memory on localhost:35791 (size: 1837.0 B, free: 530.0 MB)
20/11/10 20:45:09 INFO SparkContext: Created broadcast 3 from broadcast at DAGScheduler.scala:861
20/11/10 20:45:09 INFO DAGScheduler: Submitting 2 missing tasks from ShuffleMapStage 22 (MapPartitionsRDD[10] at flatMap at Partition.scala:30)
20/11/10 20:45:09 INFO TaskSchedulerImpl: Adding task set 22.0 with 2 tasks
20/11/10 20:45:09 INFO DAGScheduler: Submitting ShuffleMapStage 25 (MapPartitionsRDD[12] at map at Partition.scala:32), which is now runnable
20/11/10 20:45:09 INFO MemoryStore: ensureFreeSpace(3512) called with curMem=150780, maxMem=555755765
20/11/10 20:45:09 INFO MemoryStore: Block broadcast_4 stored as values in memory (estimated size 3.4 KB, free 529.9 MB)
20/11/10 20:45:09 INFO TaskSetManager: Starting task 0.0 in stage 22.0 (TID 4, localhost, PROCESS_LOCAL, 2174 bytes)
20/11/10 20:45:09 INFO TaskSetManager: Starting task 1.0 in stage 22.0 (TID 5, localhost, PROCESS_LOCAL, 2174 bytes)
20/11/10 20:45:09 INFO Executor: Running task 0.0 in stage 22.0 (TID 4)
20/11/10 20:45:09 INFO Executor: Running task 1.0 in stage 22.0 (TID 5)
20/11/10 20:45:09 INFO MemoryStore: ensureFreeSpace(1801) called with curMem=154292, maxMem=555755765
20/11/10 20:45:09 INFO ShuffleBlockFetcherIterator: Getting 2 non-empty blocks out of 2 blocks
20/11/10 20:45:09 INFO ShuffleBlockFetcherIterator: Getting 2 non-empty blocks out of 2 blocks
20/11/10 20:45:09 INFO ShuffleBlockFetcherIterator: Started 0 remote fetches in 3 ms
20/11/10 20:45:09 INFO ShuffleBlockFetcherIterator: Started 0 remote fetches in 3 ms
20/11/10 20:45:09 INFO MemoryStore: Block broadcast_4_piece0 stored as bytes in memory (estimated size 1801.0 B, free 529.9 MB)
20/11/10 20:45:09 INFO BlockManagerInfo: Added broadcast_4_piece0 in memory on localhost:35791 (size: 1801.0 B, free: 530.0 MB)
20/11/10 20:45:09 INFO SparkContext: Created broadcast 4 from broadcast at DAGScheduler.scala:861
20/11/10 20:45:09 INFO DAGScheduler: Submitting 2 missing tasks from ShuffleMapStage 25 (MapPartitionsRDD[12] at map at Partition.scala:32)
20/11/10 20:45:09 INFO TaskSchedulerImpl: Adding task set 25.0 with 2 tasks
20/11/10 20:45:09 INFO ShuffleBlockFetcherIterator: Getting 2 non-empty blocks out of 2 blocks
20/11/10 20:45:09 INFO ShuffleBlockFetcherIterator: Started 0 remote fetches in 5 ms
20/11/10 20:45:09 INFO ShuffleBlockFetcherIterator: Getting 2 non-empty blocks out of 2 blocks
20/11/10 20:45:09 INFO ShuffleBlockFetcherIterator: Started 0 remote fetches in 0 ms
20/11/10 20:45:09 INFO Executor: Finished task 1.0 in stage 22.0 (TID 5). 1375 bytes result sent to driver
20/11/10 20:45:09 INFO TaskSetManager: Starting task 0.0 in stage 25.0 (TID 6, localhost, PROCESS_LOCAL, 2174 bytes)
20/11/10 20:45:09 INFO TaskSetManager: Finished task 1.0 in stage 22.0 (TID 5) in 77 ms on localhost (1/2)
20/11/10 20:45:09 INFO Executor: Running task 0.0 in stage 25.0 (TID 6)
20/11/10 20:45:09 INFO ShuffleBlockFetcherIterator: Getting 2 non-empty blocks out of 2 blocks
20/11/10 20:45:09 INFO ShuffleBlockFetcherIterator: Started 0 remote fetches in 0 ms
20/11/10 20:45:09 INFO ShuffleBlockFetcherIterator: Getting 2 non-empty blocks out of 2 blocks
20/11/10 20:45:09 INFO ShuffleBlockFetcherIterator: Started 0 remote fetches in 0 ms
20/11/10 20:45:09 INFO Executor: Finished task 0.0 in stage 25.0 (TID 6). 1375 bytes result sent to driver
20/11/10 20:45:09 INFO TaskSetManager: Starting task 1.0 in stage 25.0 (TID 7, localhost, PROCESS_LOCAL, 2174 bytes)
20/11/10 20:45:09 INFO TaskSetManager: Finished task 0.0 in stage 25.0 (TID 6) in 20 ms on localhost (1/2)
20/11/10 20:45:09 INFO Executor: Running task 1.0 in stage 25.0 (TID 7)
20/11/10 20:45:09 INFO ShuffleBlockFetcherIterator: Getting 2 non-empty blocks out of 2 blocks
20/11/10 20:45:09 INFO ShuffleBlockFetcherIterator: Started 0 remote fetches in 1 ms
20/11/10 20:45:09 INFO Executor: Finished task 0.0 in stage 22.0 (TID 4). 1375 bytes result sent to driver
20/11/10 20:45:09 INFO ShuffleBlockFetcherIterator: Getting 2 non-empty blocks out of 2 blocks
20/11/10 20:45:09 INFO ShuffleBlockFetcherIterator: Started 0 remote fetches in 1 ms
20/11/10 20:45:09 INFO TaskSetManager: Finished task 0.0 in stage 22.0 (TID 4) in 104 ms on localhost (2/2)
20/11/10 20:45:09 INFO TaskSchedulerImpl: Removed TaskSet 22.0, whose tasks have all completed, from pool 
20/11/10 20:45:09 INFO DAGScheduler: ShuffleMapStage 22 (flatMap at Partition.scala:30) finished in 0.104 s
20/11/10 20:45:09 INFO DAGScheduler: looking for newly runnable stages
20/11/10 20:45:09 INFO DAGScheduler: running: Set(ShuffleMapStage 25)
20/11/10 20:45:09 INFO DAGScheduler: waiting: Set(ShuffleMapStage 30, ShuffleMapStage 27, ShuffleMapStage 19, ResultStage 31, ShuffleMapStage 20, ShuffleMapStage 21, ShuffleMapStage 18, ShuffleMapStage 28, ShuffleMapStage 29, ShuffleMapStage 26)
20/11/10 20:45:09 INFO DAGScheduler: failed: Set()
20/11/10 20:45:09 INFO DAGScheduler: Missing parents for ShuffleMapStage 30: List(ShuffleMapStage 18, ShuffleMapStage 29)
20/11/10 20:45:09 INFO DAGScheduler: Missing parents for ShuffleMapStage 27: List(ShuffleMapStage 21, ShuffleMapStage 26)
20/11/10 20:45:09 INFO DAGScheduler: Missing parents for ShuffleMapStage 19: List(ShuffleMapStage 27, ShuffleMapStage 20)
20/11/10 20:45:09 INFO DAGScheduler: Missing parents for ResultStage 31: List(ShuffleMapStage 30)
20/11/10 20:45:09 INFO DAGScheduler: Missing parents for ShuffleMapStage 20: List(ShuffleMapStage 21, ShuffleMapStage 26)
20/11/10 20:45:09 INFO DAGScheduler: Missing parents for ShuffleMapStage 21: List(ShuffleMapStage 25)
20/11/10 20:45:09 INFO DAGScheduler: Missing parents for ShuffleMapStage 18: List(ShuffleMapStage 19, ShuffleMapStage 28)
20/11/10 20:45:09 INFO DAGScheduler: Missing parents for ShuffleMapStage 28: List(ShuffleMapStage 27, ShuffleMapStage 20)
20/11/10 20:45:09 INFO DAGScheduler: Missing parents for ShuffleMapStage 29: List(ShuffleMapStage 19, ShuffleMapStage 28)
20/11/10 20:45:09 INFO DAGScheduler: Missing parents for ShuffleMapStage 26: List(ShuffleMapStage 25)
20/11/10 20:45:09 INFO Executor: Finished task 1.0 in stage 25.0 (TID 7). 1375 bytes result sent to driver
20/11/10 20:45:09 INFO TaskSetManager: Finished task 1.0 in stage 25.0 (TID 7) in 15 ms on localhost (2/2)
20/11/10 20:45:09 INFO DAGScheduler: ShuffleMapStage 25 (map at Partition.scala:32) finished in 0.081 s
20/11/10 20:45:09 INFO TaskSchedulerImpl: Removed TaskSet 25.0, whose tasks have all completed, from pool 
20/11/10 20:45:09 INFO DAGScheduler: looking for newly runnable stages
20/11/10 20:45:09 INFO DAGScheduler: running: Set()
20/11/10 20:45:09 INFO DAGScheduler: waiting: Set(ShuffleMapStage 30, ShuffleMapStage 27, ShuffleMapStage 19, ResultStage 31, ShuffleMapStage 20, ShuffleMapStage 21, ShuffleMapStage 18, ShuffleMapStage 28, ShuffleMapStage 29, ShuffleMapStage 26)
20/11/10 20:45:09 INFO DAGScheduler: failed: Set()
20/11/10 20:45:09 INFO DAGScheduler: Missing parents for ShuffleMapStage 30: List(ShuffleMapStage 18, ShuffleMapStage 29)
20/11/10 20:45:09 INFO DAGScheduler: Missing parents for ShuffleMapStage 27: List(ShuffleMapStage 21, ShuffleMapStage 26)
20/11/10 20:45:09 INFO DAGScheduler: Missing parents for ShuffleMapStage 19: List(ShuffleMapStage 27, ShuffleMapStage 20)
20/11/10 20:45:09 INFO DAGScheduler: Missing parents for ResultStage 31: List(ShuffleMapStage 30)
20/11/10 20:45:09 INFO DAGScheduler: Missing parents for ShuffleMapStage 20: List(ShuffleMapStage 21, ShuffleMapStage 26)
20/11/10 20:45:09 INFO DAGScheduler: Missing parents for ShuffleMapStage 21: List()
20/11/10 20:45:09 INFO DAGScheduler: Missing parents for ShuffleMapStage 18: List(ShuffleMapStage 19, ShuffleMapStage 28)
20/11/10 20:45:09 INFO DAGScheduler: Missing parents for ShuffleMapStage 28: List(ShuffleMapStage 27, ShuffleMapStage 20)
20/11/10 20:45:09 INFO DAGScheduler: Missing parents for ShuffleMapStage 29: List(ShuffleMapStage 19, ShuffleMapStage 28)
20/11/10 20:45:09 INFO DAGScheduler: Missing parents for ShuffleMapStage 26: List()
20/11/10 20:45:09 INFO DAGScheduler: Submitting ShuffleMapStage 21 (MapPartitionsRDD[17] at flatMap at Partition.scala:30), which is now runnable
20/11/10 20:45:09 INFO MemoryStore: ensureFreeSpace(3624) called with curMem=156093, maxMem=555755765
20/11/10 20:45:09 INFO MemoryStore: Block broadcast_5 stored as values in memory (estimated size 3.5 KB, free 529.9 MB)
20/11/10 20:45:09 INFO MemoryStore: ensureFreeSpace(1852) called with curMem=159717, maxMem=555755765
20/11/10 20:45:09 INFO MemoryStore: Block broadcast_5_piece0 stored as bytes in memory (estimated size 1852.0 B, free 529.9 MB)
20/11/10 20:45:09 INFO BlockManagerInfo: Added broadcast_5_piece0 in memory on localhost:35791 (size: 1852.0 B, free: 530.0 MB)
20/11/10 20:45:09 INFO SparkContext: Created broadcast 5 from broadcast at DAGScheduler.scala:861
20/11/10 20:45:09 INFO DAGScheduler: Submitting 2 missing tasks from ShuffleMapStage 21 (MapPartitionsRDD[17] at flatMap at Partition.scala:30)
20/11/10 20:45:09 INFO TaskSchedulerImpl: Adding task set 21.0 with 2 tasks
20/11/10 20:45:09 INFO TaskSetManager: Starting task 0.0 in stage 21.0 (TID 8, localhost, PROCESS_LOCAL, 2174 bytes)
20/11/10 20:45:09 INFO TaskSetManager: Starting task 1.0 in stage 21.0 (TID 9, localhost, PROCESS_LOCAL, 2174 bytes)
20/11/10 20:45:09 INFO DAGScheduler: Submitting ShuffleMapStage 26 (MapPartitionsRDD[19] at map at Partition.scala:32), which is now runnable
20/11/10 20:45:09 INFO MemoryStore: ensureFreeSpace(3512) called with curMem=161569, maxMem=555755765
20/11/10 20:45:09 INFO MemoryStore: Block broadcast_6 stored as values in memory (estimated size 3.4 KB, free 529.9 MB)
20/11/10 20:45:09 INFO MemoryStore: ensureFreeSpace(1817) called with curMem=165081, maxMem=555755765
20/11/10 20:45:09 INFO MemoryStore: Block broadcast_6_piece0 stored as bytes in memory (estimated size 1817.0 B, free 529.9 MB)
20/11/10 20:45:09 INFO BlockManagerInfo: Added broadcast_6_piece0 in memory on localhost:35791 (size: 1817.0 B, free: 530.0 MB)
20/11/10 20:45:09 INFO SparkContext: Created broadcast 6 from broadcast at DAGScheduler.scala:861
20/11/10 20:45:09 INFO DAGScheduler: Submitting 2 missing tasks from ShuffleMapStage 26 (MapPartitionsRDD[19] at map at Partition.scala:32)
20/11/10 20:45:09 INFO TaskSchedulerImpl: Adding task set 26.0 with 2 tasks
20/11/10 20:45:09 INFO Executor: Running task 1.0 in stage 21.0 (TID 9)
20/11/10 20:45:09 INFO ShuffleBlockFetcherIterator: Getting 2 non-empty blocks out of 2 blocks
20/11/10 20:45:09 INFO ShuffleBlockFetcherIterator: Started 0 remote fetches in 1 ms
20/11/10 20:45:09 INFO ShuffleBlockFetcherIterator: Getting 2 non-empty blocks out of 2 blocks
20/11/10 20:45:09 INFO ShuffleBlockFetcherIterator: Started 0 remote fetches in 0 ms
20/11/10 20:45:09 INFO Executor: Running task 0.0 in stage 21.0 (TID 8)
20/11/10 20:45:09 INFO ShuffleBlockFetcherIterator: Getting 2 non-empty blocks out of 2 blocks
20/11/10 20:45:09 INFO ShuffleBlockFetcherIterator: Started 0 remote fetches in 0 ms
20/11/10 20:45:09 INFO ShuffleBlockFetcherIterator: Getting 2 non-empty blocks out of 2 blocks
20/11/10 20:45:09 INFO ShuffleBlockFetcherIterator: Started 0 remote fetches in 0 ms
20/11/10 20:45:09 INFO Executor: Finished task 0.0 in stage 21.0 (TID 8). 1375 bytes result sent to driver
20/11/10 20:45:09 INFO Executor: Finished task 1.0 in stage 21.0 (TID 9). 1375 bytes result sent to driver
20/11/10 20:45:09 INFO TaskSetManager: Starting task 0.0 in stage 26.0 (TID 10, localhost, PROCESS_LOCAL, 2174 bytes)
20/11/10 20:45:09 INFO TaskSetManager: Finished task 0.0 in stage 21.0 (TID 8) in 41 ms on localhost (1/2)
20/11/10 20:45:09 INFO TaskSetManager: Finished task 1.0 in stage 21.0 (TID 9) in 42 ms on localhost (2/2)
20/11/10 20:45:09 INFO TaskSchedulerImpl: Removed TaskSet 21.0, whose tasks have all completed, from pool 
20/11/10 20:45:09 INFO TaskSetManager: Starting task 1.0 in stage 26.0 (TID 11, localhost, PROCESS_LOCAL, 2174 bytes)
20/11/10 20:45:09 INFO Executor: Running task 1.0 in stage 26.0 (TID 11)
20/11/10 20:45:09 INFO DAGScheduler: ShuffleMapStage 21 (flatMap at Partition.scala:30) finished in 0.041 s
20/11/10 20:45:09 INFO DAGScheduler: looking for newly runnable stages
20/11/10 20:45:09 INFO DAGScheduler: running: Set(ShuffleMapStage 26)
20/11/10 20:45:09 INFO DAGScheduler: waiting: Set(ShuffleMapStage 30, ShuffleMapStage 27, ShuffleMapStage 19, ResultStage 31, ShuffleMapStage 20, ShuffleMapStage 18, ShuffleMapStage 28, ShuffleMapStage 29)
20/11/10 20:45:09 INFO DAGScheduler: failed: Set()
20/11/10 20:45:09 INFO DAGScheduler: Missing parents for ShuffleMapStage 30: List(ShuffleMapStage 18, ShuffleMapStage 29)
20/11/10 20:45:09 INFO DAGScheduler: Missing parents for ShuffleMapStage 27: List(ShuffleMapStage 26)
20/11/10 20:45:09 INFO DAGScheduler: Missing parents for ShuffleMapStage 19: List(ShuffleMapStage 27, ShuffleMapStage 20)
20/11/10 20:45:09 INFO DAGScheduler: Missing parents for ResultStage 31: List(ShuffleMapStage 30)
20/11/10 20:45:09 INFO DAGScheduler: Missing parents for ShuffleMapStage 20: List(ShuffleMapStage 26)
20/11/10 20:45:09 INFO DAGScheduler: Missing parents for ShuffleMapStage 18: List(ShuffleMapStage 19, ShuffleMapStage 28)
20/11/10 20:45:09 INFO DAGScheduler: Missing parents for ShuffleMapStage 28: List(ShuffleMapStage 27, ShuffleMapStage 20)
20/11/10 20:45:09 INFO DAGScheduler: Missing parents for ShuffleMapStage 29: List(ShuffleMapStage 19, ShuffleMapStage 28)
20/11/10 20:45:09 INFO ShuffleBlockFetcherIterator: Getting 2 non-empty blocks out of 2 blocks
20/11/10 20:45:09 INFO ShuffleBlockFetcherIterator: Started 0 remote fetches in 1 ms
20/11/10 20:45:09 INFO Executor: Running task 0.0 in stage 26.0 (TID 10)
20/11/10 20:45:09 INFO ShuffleBlockFetcherIterator: Getting 2 non-empty blocks out of 2 blocks
20/11/10 20:45:09 INFO ShuffleBlockFetcherIterator: Started 0 remote fetches in 0 ms
20/11/10 20:45:09 INFO ShuffleBlockFetcherIterator: Getting 2 non-empty blocks out of 2 blocks
20/11/10 20:45:09 INFO ShuffleBlockFetcherIterator: Started 0 remote fetches in 0 ms
20/11/10 20:45:09 INFO ShuffleBlockFetcherIterator: Getting 2 non-empty blocks out of 2 blocks
20/11/10 20:45:09 INFO ShuffleBlockFetcherIterator: Started 0 remote fetches in 0 ms
20/11/10 20:45:09 INFO Executor: Finished task 1.0 in stage 26.0 (TID 11). 1375 bytes result sent to driver
20/11/10 20:45:09 INFO TaskSetManager: Finished task 1.0 in stage 26.0 (TID 11) in 16 ms on localhost (1/2)
20/11/10 20:45:09 INFO Executor: Finished task 0.0 in stage 26.0 (TID 10). 1375 bytes result sent to driver
20/11/10 20:45:09 INFO TaskSetManager: Finished task 0.0 in stage 26.0 (TID 10) in 20 ms on localhost (2/2)
20/11/10 20:45:09 INFO TaskSchedulerImpl: Removed TaskSet 26.0, whose tasks have all completed, from pool 
20/11/10 20:45:09 INFO DAGScheduler: ShuffleMapStage 26 (map at Partition.scala:32) finished in 0.049 s
20/11/10 20:45:09 INFO DAGScheduler: looking for newly runnable stages
20/11/10 20:45:09 INFO DAGScheduler: running: Set()
20/11/10 20:45:09 INFO DAGScheduler: waiting: Set(ShuffleMapStage 30, ShuffleMapStage 27, ShuffleMapStage 19, ResultStage 31, ShuffleMapStage 20, ShuffleMapStage 18, ShuffleMapStage 28, ShuffleMapStage 29)
20/11/10 20:45:09 INFO DAGScheduler: failed: Set()
20/11/10 20:45:09 INFO DAGScheduler: Missing parents for ShuffleMapStage 30: List(ShuffleMapStage 18, ShuffleMapStage 29)
20/11/10 20:45:09 INFO DAGScheduler: Missing parents for ShuffleMapStage 27: List()
20/11/10 20:45:09 INFO DAGScheduler: Missing parents for ShuffleMapStage 19: List(ShuffleMapStage 27, ShuffleMapStage 20)
20/11/10 20:45:09 INFO DAGScheduler: Missing parents for ResultStage 31: List(ShuffleMapStage 30)
20/11/10 20:45:09 INFO DAGScheduler: Missing parents for ShuffleMapStage 20: List()
20/11/10 20:45:09 INFO DAGScheduler: Missing parents for ShuffleMapStage 18: List(ShuffleMapStage 19, ShuffleMapStage 28)
20/11/10 20:45:09 INFO DAGScheduler: Missing parents for ShuffleMapStage 28: List(ShuffleMapStage 27, ShuffleMapStage 20)
20/11/10 20:45:09 INFO DAGScheduler: Missing parents for ShuffleMapStage 29: List(ShuffleMapStage 19, ShuffleMapStage 28)
20/11/10 20:45:09 INFO DAGScheduler: Submitting ShuffleMapStage 20 (MapPartitionsRDD[24] at flatMap at Partition.scala:30), which is now runnable
20/11/10 20:45:09 INFO MemoryStore: ensureFreeSpace(3624) called with curMem=166898, maxMem=555755765
20/11/10 20:45:09 INFO MemoryStore: Block broadcast_7 stored as values in memory (estimated size 3.5 KB, free 529.8 MB)
20/11/10 20:45:09 INFO MemoryStore: ensureFreeSpace(1850) called with curMem=170522, maxMem=555755765
20/11/10 20:45:09 INFO MemoryStore: Block broadcast_7_piece0 stored as bytes in memory (estimated size 1850.0 B, free 529.8 MB)
20/11/10 20:45:09 INFO BlockManagerInfo: Added broadcast_7_piece0 in memory on localhost:35791 (size: 1850.0 B, free: 530.0 MB)
20/11/10 20:45:09 INFO SparkContext: Created broadcast 7 from broadcast at DAGScheduler.scala:861
20/11/10 20:45:09 INFO DAGScheduler: Submitting 2 missing tasks from ShuffleMapStage 20 (MapPartitionsRDD[24] at flatMap at Partition.scala:30)
20/11/10 20:45:09 INFO TaskSchedulerImpl: Adding task set 20.0 with 2 tasks
20/11/10 20:45:09 INFO DAGScheduler: Submitting ShuffleMapStage 27 (MapPartitionsRDD[26] at map at Partition.scala:32), which is now runnable
20/11/10 20:45:09 INFO TaskSetManager: Starting task 0.0 in stage 20.0 (TID 12, localhost, PROCESS_LOCAL, 2174 bytes)
20/11/10 20:45:09 INFO TaskSetManager: Starting task 1.0 in stage 20.0 (TID 13, localhost, PROCESS_LOCAL, 2174 bytes)
20/11/10 20:45:09 INFO MemoryStore: ensureFreeSpace(3512) called with curMem=172372, maxMem=555755765
20/11/10 20:45:09 INFO Executor: Running task 1.0 in stage 20.0 (TID 13)
20/11/10 20:45:09 INFO MemoryStore: Block broadcast_8 stored as values in memory (estimated size 3.4 KB, free 529.8 MB)
20/11/10 20:45:09 INFO ShuffleBlockFetcherIterator: Getting 2 non-empty blocks out of 2 blocks
20/11/10 20:45:09 INFO ShuffleBlockFetcherIterator: Started 0 remote fetches in 0 ms
20/11/10 20:45:09 INFO MemoryStore: ensureFreeSpace(1817) called with curMem=175884, maxMem=555755765
20/11/10 20:45:09 INFO ShuffleBlockFetcherIterator: Getting 2 non-empty blocks out of 2 blocks
20/11/10 20:45:09 INFO ShuffleBlockFetcherIterator: Started 0 remote fetches in 1 ms
20/11/10 20:45:09 INFO Executor: Running task 0.0 in stage 20.0 (TID 12)
20/11/10 20:45:09 INFO ShuffleBlockFetcherIterator: Getting 2 non-empty blocks out of 2 blocks
20/11/10 20:45:09 INFO ShuffleBlockFetcherIterator: Started 0 remote fetches in 0 ms
20/11/10 20:45:09 INFO ShuffleBlockFetcherIterator: Getting 2 non-empty blocks out of 2 blocks
20/11/10 20:45:09 INFO ShuffleBlockFetcherIterator: Started 0 remote fetches in 1 ms
20/11/10 20:45:09 INFO MemoryStore: Block broadcast_8_piece0 stored as bytes in memory (estimated size 1817.0 B, free 529.8 MB)
20/11/10 20:45:09 INFO BlockManagerInfo: Added broadcast_8_piece0 in memory on localhost:35791 (size: 1817.0 B, free: 530.0 MB)
20/11/10 20:45:09 INFO SparkContext: Created broadcast 8 from broadcast at DAGScheduler.scala:861
20/11/10 20:45:09 INFO DAGScheduler: Submitting 2 missing tasks from ShuffleMapStage 27 (MapPartitionsRDD[26] at map at Partition.scala:32)
20/11/10 20:45:09 INFO TaskSchedulerImpl: Adding task set 27.0 with 2 tasks
20/11/10 20:45:09 INFO Executor: Finished task 1.0 in stage 20.0 (TID 13). 1375 bytes result sent to driver
20/11/10 20:45:09 INFO Executor: Finished task 0.0 in stage 20.0 (TID 12). 1375 bytes result sent to driver
20/11/10 20:45:09 INFO TaskSetManager: Starting task 0.0 in stage 27.0 (TID 14, localhost, PROCESS_LOCAL, 2174 bytes)
20/11/10 20:45:09 INFO TaskSetManager: Starting task 1.0 in stage 27.0 (TID 15, localhost, PROCESS_LOCAL, 2174 bytes)
20/11/10 20:45:09 INFO TaskSetManager: Finished task 1.0 in stage 20.0 (TID 13) in 36 ms on localhost (1/2)
20/11/10 20:45:09 INFO TaskSetManager: Finished task 0.0 in stage 20.0 (TID 12) in 36 ms on localhost (2/2)
20/11/10 20:45:09 INFO TaskSchedulerImpl: Removed TaskSet 20.0, whose tasks have all completed, from pool 
20/11/10 20:45:09 INFO DAGScheduler: ShuffleMapStage 20 (flatMap at Partition.scala:30) finished in 0.039 s
20/11/10 20:45:09 INFO DAGScheduler: looking for newly runnable stages
20/11/10 20:45:09 INFO DAGScheduler: running: Set(ShuffleMapStage 27)
20/11/10 20:45:09 INFO DAGScheduler: waiting: Set(ShuffleMapStage 30, ShuffleMapStage 19, ResultStage 31, ShuffleMapStage 18, ShuffleMapStage 28, ShuffleMapStage 29)
20/11/10 20:45:09 INFO DAGScheduler: failed: Set()
20/11/10 20:45:09 INFO DAGScheduler: Missing parents for ShuffleMapStage 30: List(ShuffleMapStage 18, ShuffleMapStage 29)
20/11/10 20:45:09 INFO DAGScheduler: Missing parents for ShuffleMapStage 19: List(ShuffleMapStage 27)
20/11/10 20:45:09 INFO DAGScheduler: Missing parents for ResultStage 31: List(ShuffleMapStage 30)
20/11/10 20:45:09 INFO DAGScheduler: Missing parents for ShuffleMapStage 18: List(ShuffleMapStage 19, ShuffleMapStage 28)
20/11/10 20:45:09 INFO DAGScheduler: Missing parents for ShuffleMapStage 28: List(ShuffleMapStage 27)
20/11/10 20:45:09 INFO DAGScheduler: Missing parents for ShuffleMapStage 29: List(ShuffleMapStage 19, ShuffleMapStage 28)
20/11/10 20:45:09 INFO Executor: Running task 1.0 in stage 27.0 (TID 15)
20/11/10 20:45:09 INFO Executor: Running task 0.0 in stage 27.0 (TID 14)
20/11/10 20:45:09 INFO ShuffleBlockFetcherIterator: Getting 2 non-empty blocks out of 2 blocks
20/11/10 20:45:09 INFO ShuffleBlockFetcherIterator: Started 0 remote fetches in 0 ms
20/11/10 20:45:09 INFO ShuffleBlockFetcherIterator: Getting 2 non-empty blocks out of 2 blocks
20/11/10 20:45:09 INFO ShuffleBlockFetcherIterator: Started 0 remote fetches in 0 ms
20/11/10 20:45:09 INFO Executor: Finished task 0.0 in stage 27.0 (TID 14). 1375 bytes result sent to driver
20/11/10 20:45:09 INFO TaskSetManager: Finished task 0.0 in stage 27.0 (TID 14) in 19 ms on localhost (1/2)
20/11/10 20:45:09 INFO ShuffleBlockFetcherIterator: Getting 2 non-empty blocks out of 2 blocks
20/11/10 20:45:09 INFO ShuffleBlockFetcherIterator: Started 0 remote fetches in 0 ms
20/11/10 20:45:09 INFO ShuffleBlockFetcherIterator: Getting 2 non-empty blocks out of 2 blocks
20/11/10 20:45:09 INFO ShuffleBlockFetcherIterator: Started 0 remote fetches in 0 ms
20/11/10 20:45:09 INFO Executor: Finished task 1.0 in stage 27.0 (TID 15). 1375 bytes result sent to driver
20/11/10 20:45:09 INFO TaskSetManager: Finished task 1.0 in stage 27.0 (TID 15) in 32 ms on localhost (2/2)
20/11/10 20:45:09 INFO TaskSchedulerImpl: Removed TaskSet 27.0, whose tasks have all completed, from pool 
20/11/10 20:45:09 INFO DAGScheduler: ShuffleMapStage 27 (map at Partition.scala:32) finished in 0.055 s
20/11/10 20:45:09 INFO DAGScheduler: looking for newly runnable stages
20/11/10 20:45:09 INFO DAGScheduler: running: Set()
20/11/10 20:45:09 INFO DAGScheduler: waiting: Set(ShuffleMapStage 30, ShuffleMapStage 19, ResultStage 31, ShuffleMapStage 18, ShuffleMapStage 28, ShuffleMapStage 29)
20/11/10 20:45:09 INFO DAGScheduler: failed: Set()
20/11/10 20:45:09 INFO DAGScheduler: Missing parents for ShuffleMapStage 30: List(ShuffleMapStage 18, ShuffleMapStage 29)
20/11/10 20:45:09 INFO DAGScheduler: Missing parents for ShuffleMapStage 19: List()
20/11/10 20:45:09 INFO DAGScheduler: Missing parents for ResultStage 31: List(ShuffleMapStage 30)
20/11/10 20:45:09 INFO DAGScheduler: Missing parents for ShuffleMapStage 18: List(ShuffleMapStage 19, ShuffleMapStage 28)
20/11/10 20:45:09 INFO DAGScheduler: Missing parents for ShuffleMapStage 28: List()
20/11/10 20:45:09 INFO DAGScheduler: Missing parents for ShuffleMapStage 29: List(ShuffleMapStage 19, ShuffleMapStage 28)
20/11/10 20:45:09 INFO DAGScheduler: Submitting ShuffleMapStage 19 (MapPartitionsRDD[31] at flatMap at Partition.scala:30), which is now runnable
20/11/10 20:45:09 INFO MemoryStore: ensureFreeSpace(3624) called with curMem=177701, maxMem=555755765
20/11/10 20:45:09 INFO MemoryStore: Block broadcast_9 stored as values in memory (estimated size 3.5 KB, free 529.8 MB)
20/11/10 20:45:09 INFO MemoryStore: ensureFreeSpace(1851) called with curMem=181325, maxMem=555755765
20/11/10 20:45:09 INFO MemoryStore: Block broadcast_9_piece0 stored as bytes in memory (estimated size 1851.0 B, free 529.8 MB)
20/11/10 20:45:09 INFO BlockManagerInfo: Added broadcast_9_piece0 in memory on localhost:35791 (size: 1851.0 B, free: 530.0 MB)
20/11/10 20:45:09 INFO SparkContext: Created broadcast 9 from broadcast at DAGScheduler.scala:861
20/11/10 20:45:09 INFO DAGScheduler: Submitting 2 missing tasks from ShuffleMapStage 19 (MapPartitionsRDD[31] at flatMap at Partition.scala:30)
20/11/10 20:45:09 INFO TaskSchedulerImpl: Adding task set 19.0 with 2 tasks
20/11/10 20:45:09 INFO TaskSetManager: Starting task 0.0 in stage 19.0 (TID 16, localhost, PROCESS_LOCAL, 2174 bytes)
20/11/10 20:45:09 INFO TaskSetManager: Starting task 1.0 in stage 19.0 (TID 17, localhost, PROCESS_LOCAL, 2174 bytes)
20/11/10 20:45:09 INFO DAGScheduler: Submitting ShuffleMapStage 28 (MapPartitionsRDD[33] at map at Partition.scala:32), which is now runnable
20/11/10 20:45:09 INFO MemoryStore: ensureFreeSpace(3512) called with curMem=183176, maxMem=555755765
20/11/10 20:45:09 INFO MemoryStore: Block broadcast_10 stored as values in memory (estimated size 3.4 KB, free 529.8 MB)
20/11/10 20:45:09 INFO MemoryStore: ensureFreeSpace(1818) called with curMem=186688, maxMem=555755765
20/11/10 20:45:09 INFO MemoryStore: Block broadcast_10_piece0 stored as bytes in memory (estimated size 1818.0 B, free 529.8 MB)
20/11/10 20:45:09 INFO Executor: Running task 0.0 in stage 19.0 (TID 16)
20/11/10 20:45:09 INFO BlockManagerInfo: Added broadcast_10_piece0 in memory on localhost:35791 (size: 1818.0 B, free: 530.0 MB)
20/11/10 20:45:09 INFO ShuffleBlockFetcherIterator: Getting 2 non-empty blocks out of 2 blocks
20/11/10 20:45:09 INFO ShuffleBlockFetcherIterator: Started 0 remote fetches in 0 ms
20/11/10 20:45:09 INFO ShuffleBlockFetcherIterator: Getting 2 non-empty blocks out of 2 blocks
20/11/10 20:45:09 INFO ShuffleBlockFetcherIterator: Started 0 remote fetches in 0 ms
20/11/10 20:45:09 INFO Executor: Running task 1.0 in stage 19.0 (TID 17)
20/11/10 20:45:09 INFO ShuffleBlockFetcherIterator: Getting 2 non-empty blocks out of 2 blocks
20/11/10 20:45:09 INFO ShuffleBlockFetcherIterator: Started 0 remote fetches in 0 ms
20/11/10 20:45:09 INFO ShuffleBlockFetcherIterator: Getting 2 non-empty blocks out of 2 blocks
20/11/10 20:45:09 INFO ShuffleBlockFetcherIterator: Started 0 remote fetches in 0 ms
20/11/10 20:45:09 INFO SparkContext: Created broadcast 10 from broadcast at DAGScheduler.scala:861
20/11/10 20:45:09 INFO DAGScheduler: Submitting 2 missing tasks from ShuffleMapStage 28 (MapPartitionsRDD[33] at map at Partition.scala:32)
20/11/10 20:45:09 INFO TaskSchedulerImpl: Adding task set 28.0 with 2 tasks
20/11/10 20:45:09 INFO Executor: Finished task 0.0 in stage 19.0 (TID 16). 1375 bytes result sent to driver
20/11/10 20:45:09 INFO Executor: Finished task 1.0 in stage 19.0 (TID 17). 1375 bytes result sent to driver
20/11/10 20:45:09 INFO TaskSetManager: Starting task 0.0 in stage 28.0 (TID 18, localhost, PROCESS_LOCAL, 2174 bytes)
20/11/10 20:45:09 INFO Executor: Running task 0.0 in stage 28.0 (TID 18)
20/11/10 20:45:09 INFO TaskSetManager: Starting task 1.0 in stage 28.0 (TID 19, localhost, PROCESS_LOCAL, 2174 bytes)
20/11/10 20:45:09 INFO Executor: Running task 1.0 in stage 28.0 (TID 19)
20/11/10 20:45:09 INFO TaskSetManager: Finished task 1.0 in stage 19.0 (TID 17) in 30 ms on localhost (1/2)
20/11/10 20:45:09 INFO TaskSetManager: Finished task 0.0 in stage 19.0 (TID 16) in 31 ms on localhost (2/2)
20/11/10 20:45:09 INFO TaskSchedulerImpl: Removed TaskSet 19.0, whose tasks have all completed, from pool 
20/11/10 20:45:09 INFO ShuffleBlockFetcherIterator: Getting 2 non-empty blocks out of 2 blocks
20/11/10 20:45:09 INFO DAGScheduler: ShuffleMapStage 19 (flatMap at Partition.scala:30) finished in 0.031 s
20/11/10 20:45:09 INFO ShuffleBlockFetcherIterator: Started 0 remote fetches in 0 ms
20/11/10 20:45:09 INFO DAGScheduler: looking for newly runnable stages
20/11/10 20:45:09 INFO DAGScheduler: running: Set(ShuffleMapStage 28)
20/11/10 20:45:09 INFO DAGScheduler: waiting: Set(ShuffleMapStage 30, ResultStage 31, ShuffleMapStage 18, ShuffleMapStage 29)
20/11/10 20:45:09 INFO DAGScheduler: failed: Set()
20/11/10 20:45:09 INFO DAGScheduler: Missing parents for ShuffleMapStage 30: List(ShuffleMapStage 18, ShuffleMapStage 29)
20/11/10 20:45:09 INFO DAGScheduler: Missing parents for ResultStage 31: List(ShuffleMapStage 30)
20/11/10 20:45:09 INFO DAGScheduler: Missing parents for ShuffleMapStage 18: List(ShuffleMapStage 28)
20/11/10 20:45:09 INFO DAGScheduler: Missing parents for ShuffleMapStage 29: List(ShuffleMapStage 28)
20/11/10 20:45:09 INFO ShuffleBlockFetcherIterator: Getting 2 non-empty blocks out of 2 blocks
20/11/10 20:45:09 INFO ShuffleBlockFetcherIterator: Started 0 remote fetches in 0 ms
20/11/10 20:45:09 INFO Executor: Finished task 1.0 in stage 28.0 (TID 19). 1375 bytes result sent to driver
20/11/10 20:45:09 INFO TaskSetManager: Finished task 1.0 in stage 28.0 (TID 19) in 9 ms on localhost (1/2)
20/11/10 20:45:09 INFO ShuffleBlockFetcherIterator: Getting 2 non-empty blocks out of 2 blocks
20/11/10 20:45:09 INFO ShuffleBlockFetcherIterator: Started 0 remote fetches in 0 ms
20/11/10 20:45:09 INFO ShuffleBlockFetcherIterator: Getting 2 non-empty blocks out of 2 blocks
20/11/10 20:45:09 INFO ShuffleBlockFetcherIterator: Started 0 remote fetches in 0 ms
20/11/10 20:45:09 INFO Executor: Finished task 0.0 in stage 28.0 (TID 18). 1375 bytes result sent to driver
20/11/10 20:45:09 INFO TaskSetManager: Finished task 0.0 in stage 28.0 (TID 18) in 17 ms on localhost (2/2)
20/11/10 20:45:09 INFO DAGScheduler: ShuffleMapStage 28 (map at Partition.scala:32) finished in 0.023 s
20/11/10 20:45:09 INFO TaskSchedulerImpl: Removed TaskSet 28.0, whose tasks have all completed, from pool 
20/11/10 20:45:09 INFO DAGScheduler: looking for newly runnable stages
20/11/10 20:45:09 INFO DAGScheduler: running: Set()
20/11/10 20:45:09 INFO DAGScheduler: waiting: Set(ShuffleMapStage 30, ResultStage 31, ShuffleMapStage 18, ShuffleMapStage 29)
20/11/10 20:45:09 INFO DAGScheduler: failed: Set()
20/11/10 20:45:09 INFO DAGScheduler: Missing parents for ShuffleMapStage 30: List(ShuffleMapStage 18, ShuffleMapStage 29)
20/11/10 20:45:09 INFO DAGScheduler: Missing parents for ResultStage 31: List(ShuffleMapStage 30)
20/11/10 20:45:09 INFO DAGScheduler: Missing parents for ShuffleMapStage 18: List()
20/11/10 20:45:09 INFO DAGScheduler: Missing parents for ShuffleMapStage 29: List()
20/11/10 20:45:09 INFO DAGScheduler: Submitting ShuffleMapStage 18 (MapPartitionsRDD[38] at flatMap at Partition.scala:30), which is now runnable
20/11/10 20:45:09 INFO MemoryStore: ensureFreeSpace(3624) called with curMem=188506, maxMem=555755765
20/11/10 20:45:09 INFO MemoryStore: Block broadcast_11 stored as values in memory (estimated size 3.5 KB, free 529.8 MB)
20/11/10 20:45:09 INFO MemoryStore: ensureFreeSpace(1850) called with curMem=192130, maxMem=555755765
20/11/10 20:45:09 INFO MemoryStore: Block broadcast_11_piece0 stored as bytes in memory (estimated size 1850.0 B, free 529.8 MB)
20/11/10 20:45:09 INFO BlockManagerInfo: Added broadcast_11_piece0 in memory on localhost:35791 (size: 1850.0 B, free: 530.0 MB)
20/11/10 20:45:09 INFO SparkContext: Created broadcast 11 from broadcast at DAGScheduler.scala:861
20/11/10 20:45:09 INFO DAGScheduler: Submitting 2 missing tasks from ShuffleMapStage 18 (MapPartitionsRDD[38] at flatMap at Partition.scala:30)
20/11/10 20:45:09 INFO TaskSchedulerImpl: Adding task set 18.0 with 2 tasks
20/11/10 20:45:09 INFO TaskSetManager: Starting task 0.0 in stage 18.0 (TID 20, localhost, PROCESS_LOCAL, 2174 bytes)
20/11/10 20:45:09 INFO TaskSetManager: Starting task 1.0 in stage 18.0 (TID 21, localhost, PROCESS_LOCAL, 2174 bytes)
20/11/10 20:45:09 INFO Executor: Running task 1.0 in stage 18.0 (TID 21)
20/11/10 20:45:09 INFO ShuffleBlockFetcherIterator: Getting 2 non-empty blocks out of 2 blocks
20/11/10 20:45:09 INFO ShuffleBlockFetcherIterator: Started 0 remote fetches in 1 ms
20/11/10 20:45:09 INFO ShuffleBlockFetcherIterator: Getting 2 non-empty blocks out of 2 blocks
20/11/10 20:45:09 INFO ShuffleBlockFetcherIterator: Started 0 remote fetches in 0 ms
20/11/10 20:45:09 INFO DAGScheduler: Submitting ShuffleMapStage 29 (MapPartitionsRDD[40] at map at Partition.scala:32), which is now runnable
20/11/10 20:45:09 INFO MemoryStore: ensureFreeSpace(3512) called with curMem=193980, maxMem=555755765
20/11/10 20:45:09 INFO MemoryStore: Block broadcast_12 stored as values in memory (estimated size 3.4 KB, free 529.8 MB)
20/11/10 20:45:09 INFO MemoryStore: ensureFreeSpace(1817) called with curMem=197492, maxMem=555755765
20/11/10 20:45:09 INFO MemoryStore: Block broadcast_12_piece0 stored as bytes in memory (estimated size 1817.0 B, free 529.8 MB)
20/11/10 20:45:09 INFO Executor: Finished task 1.0 in stage 18.0 (TID 21). 1375 bytes result sent to driver
20/11/10 20:45:09 INFO BlockManagerInfo: Added broadcast_12_piece0 in memory on localhost:35791 (size: 1817.0 B, free: 530.0 MB)
20/11/10 20:45:09 INFO TaskSetManager: Finished task 1.0 in stage 18.0 (TID 21) in 16 ms on localhost (1/2)
20/11/10 20:45:09 INFO SparkContext: Created broadcast 12 from broadcast at DAGScheduler.scala:861
20/11/10 20:45:09 INFO DAGScheduler: Submitting 2 missing tasks from ShuffleMapStage 29 (MapPartitionsRDD[40] at map at Partition.scala:32)
20/11/10 20:45:09 INFO TaskSchedulerImpl: Adding task set 29.0 with 2 tasks
20/11/10 20:45:09 INFO Executor: Running task 0.0 in stage 18.0 (TID 20)
20/11/10 20:45:09 INFO ShuffleBlockFetcherIterator: Getting 2 non-empty blocks out of 2 blocks
20/11/10 20:45:09 INFO ShuffleBlockFetcherIterator: Started 0 remote fetches in 0 ms
20/11/10 20:45:09 INFO ShuffleBlockFetcherIterator: Getting 2 non-empty blocks out of 2 blocks
20/11/10 20:45:09 INFO ShuffleBlockFetcherIterator: Started 0 remote fetches in 0 ms
20/11/10 20:45:09 INFO TaskSetManager: Starting task 0.0 in stage 29.0 (TID 22, localhost, PROCESS_LOCAL, 2174 bytes)
20/11/10 20:45:09 INFO Executor: Running task 0.0 in stage 29.0 (TID 22)
20/11/10 20:45:09 INFO ShuffleBlockFetcherIterator: Getting 2 non-empty blocks out of 2 blocks
20/11/10 20:45:09 INFO ShuffleBlockFetcherIterator: Started 0 remote fetches in 0 ms
20/11/10 20:45:09 INFO ShuffleBlockFetcherIterator: Getting 2 non-empty blocks out of 2 blocks
20/11/10 20:45:09 INFO ShuffleBlockFetcherIterator: Started 0 remote fetches in 1 ms
20/11/10 20:45:09 INFO Executor: Finished task 0.0 in stage 29.0 (TID 22). 1375 bytes result sent to driver
20/11/10 20:45:09 INFO TaskSetManager: Starting task 1.0 in stage 29.0 (TID 23, localhost, PROCESS_LOCAL, 2174 bytes)
20/11/10 20:45:09 INFO TaskSetManager: Finished task 0.0 in stage 29.0 (TID 22) in 16 ms on localhost (1/2)
20/11/10 20:45:09 INFO Executor: Running task 1.0 in stage 29.0 (TID 23)
20/11/10 20:45:09 INFO ShuffleBlockFetcherIterator: Getting 2 non-empty blocks out of 2 blocks
20/11/10 20:45:09 INFO ShuffleBlockFetcherIterator: Started 0 remote fetches in 0 ms
20/11/10 20:45:09 INFO ShuffleBlockFetcherIterator: Getting 2 non-empty blocks out of 2 blocks
20/11/10 20:45:09 INFO ShuffleBlockFetcherIterator: Started 0 remote fetches in 0 ms
20/11/10 20:45:09 INFO Executor: Finished task 1.0 in stage 29.0 (TID 23). 1375 bytes result sent to driver
20/11/10 20:45:09 INFO TaskSetManager: Finished task 1.0 in stage 29.0 (TID 23) in 8 ms on localhost (2/2)
20/11/10 20:45:09 INFO TaskSchedulerImpl: Removed TaskSet 29.0, whose tasks have all completed, from pool 
20/11/10 20:45:09 INFO DAGScheduler: ShuffleMapStage 29 (map at Partition.scala:32) finished in 0.018 s
20/11/10 20:45:09 INFO DAGScheduler: looking for newly runnable stages
20/11/10 20:45:09 INFO DAGScheduler: running: Set(ShuffleMapStage 18)
20/11/10 20:45:09 INFO DAGScheduler: waiting: Set(ShuffleMapStage 30, ResultStage 31)
20/11/10 20:45:09 INFO DAGScheduler: failed: Set()
20/11/10 20:45:09 INFO DAGScheduler: Missing parents for ShuffleMapStage 30: List(ShuffleMapStage 18)
20/11/10 20:45:09 INFO DAGScheduler: Missing parents for ResultStage 31: List(ShuffleMapStage 30)
20/11/10 20:45:09 INFO Executor: Finished task 0.0 in stage 18.0 (TID 20). 1375 bytes result sent to driver
20/11/10 20:45:09 INFO TaskSetManager: Finished task 0.0 in stage 18.0 (TID 20) in 52 ms on localhost (2/2)
20/11/10 20:45:09 INFO DAGScheduler: ShuffleMapStage 18 (flatMap at Partition.scala:30) finished in 0.048 s
20/11/10 20:45:09 INFO TaskSchedulerImpl: Removed TaskSet 18.0, whose tasks have all completed, from pool 
20/11/10 20:45:09 INFO DAGScheduler: looking for newly runnable stages
20/11/10 20:45:09 INFO DAGScheduler: running: Set()
20/11/10 20:45:09 INFO DAGScheduler: waiting: Set(ShuffleMapStage 30, ResultStage 31)
20/11/10 20:45:09 INFO DAGScheduler: failed: Set()
20/11/10 20:45:09 INFO DAGScheduler: Missing parents for ShuffleMapStage 30: List()
20/11/10 20:45:09 INFO DAGScheduler: Missing parents for ResultStage 31: List(ShuffleMapStage 30)
20/11/10 20:45:09 INFO DAGScheduler: Submitting ShuffleMapStage 30 (MapPartitionsRDD[45] at map at Partition.scala:44), which is now runnable
20/11/10 20:45:09 INFO MemoryStore: ensureFreeSpace(3544) called with curMem=199309, maxMem=555755765
20/11/10 20:45:09 INFO MemoryStore: Block broadcast_13 stored as values in memory (estimated size 3.5 KB, free 529.8 MB)
20/11/10 20:45:09 INFO MemoryStore: ensureFreeSpace(1840) called with curMem=202853, maxMem=555755765
20/11/10 20:45:09 INFO MemoryStore: Block broadcast_13_piece0 stored as bytes in memory (estimated size 1840.0 B, free 529.8 MB)
20/11/10 20:45:09 INFO BlockManagerInfo: Added broadcast_13_piece0 in memory on localhost:35791 (size: 1840.0 B, free: 530.0 MB)
20/11/10 20:45:09 INFO SparkContext: Created broadcast 13 from broadcast at DAGScheduler.scala:861
20/11/10 20:45:09 INFO DAGScheduler: Submitting 2 missing tasks from ShuffleMapStage 30 (MapPartitionsRDD[45] at map at Partition.scala:44)
20/11/10 20:45:09 INFO TaskSchedulerImpl: Adding task set 30.0 with 2 tasks
20/11/10 20:45:09 INFO TaskSetManager: Starting task 0.0 in stage 30.0 (TID 24, localhost, PROCESS_LOCAL, 2174 bytes)
20/11/10 20:45:09 INFO TaskSetManager: Starting task 1.0 in stage 30.0 (TID 25, localhost, PROCESS_LOCAL, 2174 bytes)
20/11/10 20:45:09 INFO Executor: Running task 1.0 in stage 30.0 (TID 25)
20/11/10 20:45:09 INFO ShuffleBlockFetcherIterator: Getting 2 non-empty blocks out of 2 blocks
20/11/10 20:45:09 INFO ShuffleBlockFetcherIterator: Started 0 remote fetches in 0 ms
20/11/10 20:45:09 INFO ShuffleBlockFetcherIterator: Getting 2 non-empty blocks out of 2 blocks
20/11/10 20:45:09 INFO ShuffleBlockFetcherIterator: Started 0 remote fetches in 0 ms
20/11/10 20:45:09 INFO Executor: Finished task 1.0 in stage 30.0 (TID 25). 1375 bytes result sent to driver
20/11/10 20:45:09 INFO Executor: Running task 0.0 in stage 30.0 (TID 24)
20/11/10 20:45:09 INFO ShuffleBlockFetcherIterator: Getting 2 non-empty blocks out of 2 blocks
20/11/10 20:45:09 INFO ShuffleBlockFetcherIterator: Started 0 remote fetches in 0 ms
20/11/10 20:45:09 INFO ShuffleBlockFetcherIterator: Getting 2 non-empty blocks out of 2 blocks
20/11/10 20:45:09 INFO ShuffleBlockFetcherIterator: Started 0 remote fetches in 0 ms
20/11/10 20:45:09 INFO Executor: Finished task 0.0 in stage 30.0 (TID 24). 1375 bytes result sent to driver
20/11/10 20:45:09 INFO TaskSetManager: Finished task 1.0 in stage 30.0 (TID 25) in 13 ms on localhost (1/2)
20/11/10 20:45:09 INFO TaskSetManager: Finished task 0.0 in stage 30.0 (TID 24) in 13 ms on localhost (2/2)
20/11/10 20:45:09 INFO TaskSchedulerImpl: Removed TaskSet 30.0, whose tasks have all completed, from pool 
20/11/10 20:45:09 INFO DAGScheduler: ShuffleMapStage 30 (map at Partition.scala:44) finished in 0.014 s
20/11/10 20:45:09 INFO DAGScheduler: looking for newly runnable stages
20/11/10 20:45:09 INFO DAGScheduler: running: Set()
20/11/10 20:45:09 INFO DAGScheduler: waiting: Set(ResultStage 31)
20/11/10 20:45:09 INFO DAGScheduler: failed: Set()
20/11/10 20:45:09 INFO DAGScheduler: Missing parents for ResultStage 31: List()
20/11/10 20:45:09 INFO DAGScheduler: Submitting ResultStage 31 (MapPartitionsRDD[49] at sortBy at Partition.scala:44), which is now runnable
20/11/10 20:45:09 INFO MemoryStore: ensureFreeSpace(3408) called with curMem=204693, maxMem=555755765
20/11/10 20:45:09 INFO MemoryStore: Block broadcast_14 stored as values in memory (estimated size 3.3 KB, free 529.8 MB)
20/11/10 20:45:09 INFO MemoryStore: ensureFreeSpace(1926) called with curMem=208101, maxMem=555755765
20/11/10 20:45:09 INFO MemoryStore: Block broadcast_14_piece0 stored as bytes in memory (estimated size 1926.0 B, free 529.8 MB)
20/11/10 20:45:09 INFO BlockManagerInfo: Added broadcast_14_piece0 in memory on localhost:35791 (size: 1926.0 B, free: 530.0 MB)
20/11/10 20:45:09 INFO SparkContext: Created broadcast 14 from broadcast at DAGScheduler.scala:861
20/11/10 20:45:09 INFO DAGScheduler: Submitting 2 missing tasks from ResultStage 31 (MapPartitionsRDD[49] at sortBy at Partition.scala:44)
20/11/10 20:45:09 INFO TaskSchedulerImpl: Adding task set 31.0 with 2 tasks
20/11/10 20:45:09 INFO TaskSetManager: Starting task 0.0 in stage 31.0 (TID 26, localhost, PROCESS_LOCAL, 1958 bytes)
20/11/10 20:45:09 INFO TaskSetManager: Starting task 1.0 in stage 31.0 (TID 27, localhost, PROCESS_LOCAL, 1958 bytes)
20/11/10 20:45:09 INFO Executor: Running task 0.0 in stage 31.0 (TID 26)
20/11/10 20:45:09 INFO Executor: Running task 1.0 in stage 31.0 (TID 27)
20/11/10 20:45:09 INFO ShuffleBlockFetcherIterator: Getting 2 non-empty blocks out of 2 blocks
20/11/10 20:45:09 INFO ShuffleBlockFetcherIterator: Started 0 remote fetches in 0 ms
20/11/10 20:45:09 INFO Executor: Finished task 0.0 in stage 31.0 (TID 26). 1389 bytes result sent to driver
20/11/10 20:45:09 INFO ShuffleBlockFetcherIterator: Getting 2 non-empty blocks out of 2 blocks
20/11/10 20:45:09 INFO ShuffleBlockFetcherIterator: Started 0 remote fetches in 0 ms
20/11/10 20:45:09 INFO Executor: Finished task 1.0 in stage 31.0 (TID 27). 1389 bytes result sent to driver
20/11/10 20:45:09 INFO TaskSetManager: Finished task 1.0 in stage 31.0 (TID 27) in 7 ms on localhost (1/2)
20/11/10 20:45:09 INFO TaskSetManager: Finished task 0.0 in stage 31.0 (TID 26) in 8 ms on localhost (2/2)
20/11/10 20:45:09 INFO TaskSchedulerImpl: Removed TaskSet 31.0, whose tasks have all completed, from pool 
20/11/10 20:45:09 INFO DAGScheduler: ResultStage 31 (sortBy at Partition.scala:44) finished in 0.007 s
20/11/10 20:45:09 INFO DAGScheduler: Job 0 finished: sortBy at Partition.scala:44, took 0.851967 s
20/11/10 20:45:09 INFO SparkContext: Starting job: collect at Partition.scala:44
20/11/10 20:45:09 INFO MapOutputTrackerMaster: Size of output statuses for shuffle 0 is 155 bytes
20/11/10 20:45:09 INFO MapOutputTrackerMaster: Size of output statuses for shuffle 7 is 152 bytes
20/11/10 20:45:09 INFO MapOutputTrackerMaster: Size of output statuses for shuffle 8 is 155 bytes
20/11/10 20:45:09 INFO MapOutputTrackerMaster: Size of output statuses for shuffle 1 is 155 bytes
20/11/10 20:45:09 INFO MapOutputTrackerMaster: Size of output statuses for shuffle 2 is 155 bytes
20/11/10 20:45:09 INFO MapOutputTrackerMaster: Size of output statuses for shuffle 9 is 154 bytes
20/11/10 20:45:09 INFO MapOutputTrackerMaster: Size of output statuses for shuffle 10 is 154 bytes
20/11/10 20:45:09 INFO MapOutputTrackerMaster: Size of output statuses for shuffle 3 is 155 bytes
20/11/10 20:45:09 INFO MapOutputTrackerMaster: Size of output statuses for shuffle 4 is 155 bytes
20/11/10 20:45:09 INFO MapOutputTrackerMaster: Size of output statuses for shuffle 11 is 154 bytes
20/11/10 20:45:09 INFO MapOutputTrackerMaster: Size of output statuses for shuffle 12 is 154 bytes
20/11/10 20:45:09 INFO MapOutputTrackerMaster: Size of output statuses for shuffle 5 is 155 bytes
20/11/10 20:45:09 INFO MapOutputTrackerMaster: Size of output statuses for shuffle 6 is 152 bytes
20/11/10 20:45:09 INFO DAGScheduler: Registering RDD 47 (sortBy at Partition.scala:44)
20/11/10 20:45:09 INFO DAGScheduler: Got job 1 (collect at Partition.scala:44) with 2 output partitions
20/11/10 20:45:09 INFO DAGScheduler: Final stage: ResultStage 64(collect at Partition.scala:44)
20/11/10 20:45:09 INFO DAGScheduler: Parents of final stage: List(ShuffleMapStage 63)
20/11/10 20:45:09 INFO DAGScheduler: Missing parents: List(ShuffleMapStage 63)
20/11/10 20:45:09 INFO DAGScheduler: Submitting ShuffleMapStage 63 (MapPartitionsRDD[47] at sortBy at Partition.scala:44), which has no missing parents
20/11/10 20:45:09 INFO MemoryStore: ensureFreeSpace(3184) called with curMem=210027, maxMem=555755765
20/11/10 20:45:09 INFO MemoryStore: Block broadcast_15 stored as values in memory (estimated size 3.1 KB, free 529.8 MB)
20/11/10 20:45:09 INFO MemoryStore: ensureFreeSpace(1843) called with curMem=213211, maxMem=555755765
20/11/10 20:45:09 INFO MemoryStore: Block broadcast_15_piece0 stored as bytes in memory (estimated size 1843.0 B, free 529.8 MB)
20/11/10 20:45:09 INFO BlockManagerInfo: Added broadcast_15_piece0 in memory on localhost:35791 (size: 1843.0 B, free: 530.0 MB)
20/11/10 20:45:09 INFO SparkContext: Created broadcast 15 from broadcast at DAGScheduler.scala:861
20/11/10 20:45:09 INFO DAGScheduler: Submitting 2 missing tasks from ShuffleMapStage 63 (MapPartitionsRDD[47] at sortBy at Partition.scala:44)
20/11/10 20:45:09 INFO TaskSchedulerImpl: Adding task set 63.0 with 2 tasks
20/11/10 20:45:09 INFO TaskSetManager: Starting task 0.0 in stage 63.0 (TID 28, localhost, PROCESS_LOCAL, 1947 bytes)
20/11/10 20:45:09 INFO TaskSetManager: Starting task 1.0 in stage 63.0 (TID 29, localhost, PROCESS_LOCAL, 1947 bytes)
20/11/10 20:45:09 INFO Executor: Running task 0.0 in stage 63.0 (TID 28)
20/11/10 20:45:09 INFO Executor: Running task 1.0 in stage 63.0 (TID 29)
20/11/10 20:45:09 INFO ShuffleBlockFetcherIterator: Getting 2 non-empty blocks out of 2 blocks
20/11/10 20:45:09 INFO ShuffleBlockFetcherIterator: Started 0 remote fetches in 0 ms
20/11/10 20:45:09 INFO ShuffleBlockFetcherIterator: Getting 2 non-empty blocks out of 2 blocks
20/11/10 20:45:09 INFO ShuffleBlockFetcherIterator: Started 0 remote fetches in 1 ms
20/11/10 20:45:09 INFO Executor: Finished task 1.0 in stage 63.0 (TID 29). 1375 bytes result sent to driver
20/11/10 20:45:09 INFO TaskSetManager: Finished task 1.0 in stage 63.0 (TID 29) in 5 ms on localhost (1/2)
20/11/10 20:45:09 INFO Executor: Finished task 0.0 in stage 63.0 (TID 28). 1375 bytes result sent to driver
20/11/10 20:45:09 INFO TaskSetManager: Finished task 0.0 in stage 63.0 (TID 28) in 6 ms on localhost (2/2)
20/11/10 20:45:09 INFO TaskSchedulerImpl: Removed TaskSet 63.0, whose tasks have all completed, from pool 
20/11/10 20:45:09 INFO DAGScheduler: ShuffleMapStage 63 (sortBy at Partition.scala:44) finished in 0.006 s
20/11/10 20:45:09 INFO DAGScheduler: looking for newly runnable stages
20/11/10 20:45:09 INFO DAGScheduler: running: Set()
20/11/10 20:45:09 INFO DAGScheduler: waiting: Set(ResultStage 64)
20/11/10 20:45:09 INFO DAGScheduler: failed: Set()
20/11/10 20:45:09 INFO DAGScheduler: Missing parents for ResultStage 64: List()
20/11/10 20:45:09 INFO DAGScheduler: Submitting ResultStage 64 (MapPartitionsRDD[51] at sortBy at Partition.scala:44), which is now runnable
20/11/10 20:45:09 INFO MemoryStore: ensureFreeSpace(3008) called with curMem=215054, maxMem=555755765
20/11/10 20:45:09 INFO MemoryStore: Block broadcast_16 stored as values in memory (estimated size 2.9 KB, free 529.8 MB)
20/11/10 20:45:09 INFO MemoryStore: ensureFreeSpace(1757) called with curMem=218062, maxMem=555755765
20/11/10 20:45:09 INFO MemoryStore: Block broadcast_16_piece0 stored as bytes in memory (estimated size 1757.0 B, free 529.8 MB)
20/11/10 20:45:09 INFO BlockManagerInfo: Added broadcast_16_piece0 in memory on localhost:35791 (size: 1757.0 B, free: 530.0 MB)
20/11/10 20:45:09 INFO SparkContext: Created broadcast 16 from broadcast at DAGScheduler.scala:861
20/11/10 20:45:09 INFO DAGScheduler: Submitting 2 missing tasks from ResultStage 64 (MapPartitionsRDD[51] at sortBy at Partition.scala:44)
20/11/10 20:45:09 INFO TaskSchedulerImpl: Adding task set 64.0 with 2 tasks
20/11/10 20:45:09 INFO TaskSetManager: Starting task 0.0 in stage 64.0 (TID 30, localhost, PROCESS_LOCAL, 1958 bytes)
20/11/10 20:45:09 INFO TaskSetManager: Starting task 1.0 in stage 64.0 (TID 31, localhost, PROCESS_LOCAL, 1958 bytes)
20/11/10 20:45:09 INFO Executor: Running task 1.0 in stage 64.0 (TID 31)
20/11/10 20:45:09 INFO Executor: Running task 0.0 in stage 64.0 (TID 30)
20/11/10 20:45:09 INFO ShuffleBlockFetcherIterator: Getting 2 non-empty blocks out of 2 blocks
20/11/10 20:45:09 INFO ShuffleBlockFetcherIterator: Getting 2 non-empty blocks out of 2 blocks
20/11/10 20:45:09 INFO ShuffleBlockFetcherIterator: Started 0 remote fetches in 0 ms
20/11/10 20:45:09 INFO ShuffleBlockFetcherIterator: Started 0 remote fetches in 0 ms
20/11/10 20:45:09 INFO Executor: Finished task 1.0 in stage 64.0 (TID 31). 1442 bytes result sent to driver
20/11/10 20:45:09 INFO Executor: Finished task 0.0 in stage 64.0 (TID 30). 1507 bytes result sent to driver
20/11/10 20:45:09 INFO TaskSetManager: Finished task 1.0 in stage 64.0 (TID 31) in 8 ms on localhost (1/2)
20/11/10 20:45:09 INFO TaskSetManager: Finished task 0.0 in stage 64.0 (TID 30) in 8 ms on localhost (2/2)
20/11/10 20:45:09 INFO TaskSchedulerImpl: Removed TaskSet 64.0, whose tasks have all completed, from pool 
20/11/10 20:45:09 INFO DAGScheduler: ResultStage 64 (collect at Partition.scala:44) finished in 0.012 s
20/11/10 20:45:09 INFO DAGScheduler: Job 1 finished: collect at Partition.scala:44, took 0.058150 s
(67,1)
(69,2)
(82,4)
(88,7)
(90,2)
(100,7)
(101,7)
(105,7)
(118,12)
(125,15)
20/11/10 20:45:09 INFO SparkContext: Invoking stop() from shutdown hook
20/11/10 20:45:09 INFO SparkUI: Stopped Spark web UI at http://198.202.112.112:4040
20/11/10 20:45:09 INFO DAGScheduler: Stopping DAGScheduler
20/11/10 20:45:09 INFO MapOutputTrackerMasterEndpoint: MapOutputTrackerMasterEndpoint stopped!
20/11/10 20:45:10 INFO MemoryStore: MemoryStore cleared
20/11/10 20:45:10 INFO BlockManager: BlockManager stopped
20/11/10 20:45:10 INFO BlockManagerMaster: BlockManagerMaster stopped
20/11/10 20:45:10 INFO OutputCommitCoordinator$OutputCommitCoordinatorEndpoint: OutputCommitCoordinator stopped!
20/11/10 20:45:10 INFO SparkContext: Successfully stopped SparkContext
20/11/10 20:45:10 INFO ShutdownHookManager: Shutdown hook called
20/11/10 20:45:10 INFO ShutdownHookManager: Deleting directory /tmp/spark-7418565f-a057-427f-add9-e73606f37ad4
